Started GET "/" for 127.0.0.1 at 2017-08-10 16:21:32 -0300
  
ActiveRecord::NoDatabaseError (FATAL:  role "albertonext" does not exist
):
  
activerecord (5.1.3) lib/active_record/connection_adapters/postgresql_adapter.rb:699:in `rescue in connect'
activerecord (5.1.3) lib/active_record/connection_adapters/postgresql_adapter.rb:695:in `connect'
activerecord (5.1.3) lib/active_record/connection_adapters/postgresql_adapter.rb:220:in `initialize'
activerecord (5.1.3) lib/active_record/connection_adapters/postgresql_adapter.rb:38:in `new'
activerecord (5.1.3) lib/active_record/connection_adapters/postgresql_adapter.rb:38:in `postgresql_connection'
activerecord (5.1.3) lib/active_record/connection_adapters/abstract/connection_pool.rb:759:in `new_connection'
activerecord (5.1.3) lib/active_record/connection_adapters/abstract/connection_pool.rb:803:in `checkout_new_connection'
activerecord (5.1.3) lib/active_record/connection_adapters/abstract/connection_pool.rb:782:in `try_to_checkout_new_connection'
activerecord (5.1.3) lib/active_record/connection_adapters/abstract/connection_pool.rb:743:in `acquire_connection'
activerecord (5.1.3) lib/active_record/connection_adapters/abstract/connection_pool.rb:500:in `checkout'
activerecord (5.1.3) lib/active_record/connection_adapters/abstract/connection_pool.rb:374:in `connection'
activerecord (5.1.3) lib/active_record/connection_adapters/abstract/connection_pool.rb:931:in `retrieve_connection'
activerecord (5.1.3) lib/active_record/connection_handling.rb:116:in `retrieve_connection'
activerecord (5.1.3) lib/active_record/connection_handling.rb:88:in `connection'
activerecord (5.1.3) lib/active_record/migration.rb:562:in `connection'
activerecord (5.1.3) lib/active_record/migration.rb:553:in `call'
actionpack (5.1.3) lib/action_dispatch/middleware/callbacks.rb:26:in `block in call'
activesupport (5.1.3) lib/active_support/callbacks.rb:97:in `run_callbacks'
actionpack (5.1.3) lib/action_dispatch/middleware/callbacks.rb:24:in `call'
actionpack (5.1.3) lib/action_dispatch/middleware/executor.rb:12:in `call'
actionpack (5.1.3) lib/action_dispatch/middleware/debug_exceptions.rb:59:in `call'
web-console (3.5.1) lib/web_console/middleware.rb:135:in `call_app'
web-console (3.5.1) lib/web_console/middleware.rb:28:in `block in call'
web-console (3.5.1) lib/web_console/middleware.rb:18:in `catch'
web-console (3.5.1) lib/web_console/middleware.rb:18:in `call'
actionpack (5.1.3) lib/action_dispatch/middleware/show_exceptions.rb:31:in `call'
railties (5.1.3) lib/rails/rack/logger.rb:36:in `call_app'
railties (5.1.3) lib/rails/rack/logger.rb:24:in `block in call'
activesupport (5.1.3) lib/active_support/tagged_logging.rb:69:in `block in tagged'
activesupport (5.1.3) lib/active_support/tagged_logging.rb:26:in `tagged'
activesupport (5.1.3) lib/active_support/tagged_logging.rb:69:in `tagged'
railties (5.1.3) lib/rails/rack/logger.rb:24:in `call'
sprockets-rails (3.2.0) lib/sprockets/rails/quiet_assets.rb:13:in `call'
actionpack (5.1.3) lib/action_dispatch/middleware/remote_ip.rb:79:in `call'
actionpack (5.1.3) lib/action_dispatch/middleware/request_id.rb:25:in `call'
rack (2.0.3) lib/rack/method_override.rb:22:in `call'
rack (2.0.3) lib/rack/runtime.rb:22:in `call'
activesupport (5.1.3) lib/active_support/cache/strategy/local_cache_middleware.rb:27:in `call'
actionpack (5.1.3) lib/action_dispatch/middleware/executor.rb:12:in `call'
actionpack (5.1.3) lib/action_dispatch/middleware/static.rb:125:in `call'
rack (2.0.3) lib/rack/sendfile.rb:111:in `call'
railties (5.1.3) lib/rails/engine.rb:522:in `call'
puma (3.9.1) lib/puma/configuration.rb:224:in `call'
puma (3.9.1) lib/puma/server.rb:602:in `handle_request'
puma (3.9.1) lib/puma/server.rb:435:in `process_client'
puma (3.9.1) lib/puma/server.rb:299:in `block in run'
puma (3.9.1) lib/puma/thread_pool.rb:120:in `block in spawn_thread'
  [1m[35m (149.3ms)[0m  [1m[35mCREATE TABLE "schema_migrations" ("version" character varying NOT NULL PRIMARY KEY)[0m
  [1m[35m (136.0ms)[0m  [1m[35mCREATE TABLE "ar_internal_metadata" ("key" character varying NOT NULL PRIMARY KEY, "value" character varying, "created_at" timestamp NOT NULL, "updated_at" timestamp NOT NULL)[0m
  [1m[35m (0.6ms)[0m  [1m[34mSELECT pg_try_advisory_lock(1803879631815303000)[0m
  [1m[35m (0.8ms)[0m  [1m[34mSELECT "schema_migrations"."version" FROM "schema_migrations" ORDER BY "schema_migrations"."version" ASC[0m
Migrating to CreateUsers (20170810192027)
  [1m[35m (0.4ms)[0m  [1m[35mBEGIN[0m
  [1m[35m (105.2ms)[0m  [1m[35mCREATE TABLE "users" ("id" bigserial primary key, "name" character varying, "password_digest" character varying, "created_at" timestamp NOT NULL, "updated_at" timestamp NOT NULL)[0m
  [1m[35mSQL (1.2ms)[0m  [1m[32mINSERT INTO "schema_migrations" ("version") VALUES ($1) RETURNING "version"[0m  [["version", "20170810192027"]]
  [1m[35m (24.4ms)[0m  [1m[35mCOMMIT[0m
  [1m[36mActiveRecord::InternalMetadata Load (1.0ms)[0m  [1m[34mSELECT  "ar_internal_metadata".* FROM "ar_internal_metadata" WHERE "ar_internal_metadata"."key" = $1 LIMIT $2[0m  [["key", "environment"], ["LIMIT", 1]]
  [1m[35m (0.3ms)[0m  [1m[35mBEGIN[0m
  [1m[35mSQL (1.1ms)[0m  [1m[32mINSERT INTO "ar_internal_metadata" ("key", "value", "created_at", "updated_at") VALUES ($1, $2, $3, $4) RETURNING "key"[0m  [["key", "environment"], ["value", "development"], ["created_at", "2017-08-10 19:35:53.165810"], ["updated_at", "2017-08-10 19:35:53.165810"]]
  [1m[35m (9.9ms)[0m  [1m[35mCOMMIT[0m
  [1m[35m (0.6ms)[0m  [1m[34mSELECT pg_advisory_unlock(1803879631815303000)[0m
  [1m[35m (0.7ms)[0m  [1m[34mSELECT "schema_migrations"."version" FROM "schema_migrations" ORDER BY "schema_migrations"."version" ASC[0m
Started GET "/" for 127.0.0.1 at 2017-08-10 16:37:26 -0300
  [1m[35m (1.6ms)[0m  [1m[34mSELECT "schema_migrations"."version" FROM "schema_migrations" ORDER BY "schema_migrations"."version" ASC[0m
Processing by Rails::WelcomeController#index as HTML
  Rendering /home/albertonext/.rvm/gems/ruby-2.4.0/gems/railties-5.1.3/lib/rails/templates/rails/welcome/index.html.erb
  Rendered /home/albertonext/.rvm/gems/ruby-2.4.0/gems/railties-5.1.3/lib/rails/templates/rails/welcome/index.html.erb (3.2ms)
Completed 200 OK in 25ms (Views: 5.6ms | ActiveRecord: 0.0ms)


Started GET "/users" for 127.0.0.1 at 2017-08-10 16:37:35 -0300
Processing by UsersController#index as HTML
  Rendering users/index.html.erb within layouts/application
  [1m[36mUser Load (0.6ms)[0m  [1m[34mSELECT "users".* FROM "users"[0m
  Rendered users/index.html.erb within layouts/application (5.9ms)
Completed 200 OK in 976ms (Views: 963.4ms | ActiveRecord: 2.2ms)


Started GET "/users/new" for 127.0.0.1 at 2017-08-10 16:37:41 -0300
Processing by UsersController#new as HTML
  Rendering users/new.html.erb within layouts/application
  Rendered users/_form.html.erb (73.4ms)
  Rendered users/new.html.erb within layouts/application (75.1ms)
Completed 200 OK in 116ms (Views: 98.1ms | ActiveRecord: 4.1ms)


Started POST "/users" for 127.0.0.1 at 2017-08-10 16:37:58 -0300
Processing by UsersController#create as HTML
  Parameters: {"utf8"=>"✓", "authenticity_token"=>"B9JwovxNNgZYStiXl7kf9HJgdm4XJX/pM+BtTcChCt5yPmzjH18fTYkucSrWmcCdq8a8WqV44I9hH6xW8UJt8w==", "user"=>{"name"=>"Betao", "password_digest"=>"[FILTERED]"}, "commit"=>"Create User"}
  [1m[35m (0.3ms)[0m  [1m[35mBEGIN[0m
  [1m[35mSQL (1.3ms)[0m  [1m[32mINSERT INTO "users" ("name", "password_digest", "created_at", "updated_at") VALUES ($1, $2, $3, $4) RETURNING "id"[0m  [["name", "Betao"], ["password_digest", "dlc"], ["created_at", "2017-08-10 19:37:58.559542"], ["updated_at", "2017-08-10 19:37:58.559542"]]
  [1m[35m (44.3ms)[0m  [1m[35mCOMMIT[0m
Redirected to http://localhost:3000/users/1
Completed 302 Found in 55ms (ActiveRecord: 46.0ms)


Started GET "/users/1" for 127.0.0.1 at 2017-08-10 16:37:58 -0300
Processing by UsersController#show as HTML
  Parameters: {"id"=>"1"}
  [1m[36mUser Load (0.7ms)[0m  [1m[34mSELECT  "users".* FROM "users" WHERE "users"."id" = $1 LIMIT $2[0m  [["id", 1], ["LIMIT", 1]]
  Rendering users/show.html.erb within layouts/application
  Rendered users/show.html.erb within layouts/application (1.7ms)
Completed 200 OK in 64ms (Views: 24.2ms | ActiveRecord: 1.2ms)


  [1m[35m (0.4ms)[0m  [1m[34mSELECT pg_try_advisory_lock(1803879631815303000)[0m
  [1m[35m (1.5ms)[0m  [1m[34mSELECT "schema_migrations"."version" FROM "schema_migrations" ORDER BY "schema_migrations"."version" ASC[0m
Migrating to CreateUsers (20170810194200)
  [1m[35m (0.4ms)[0m  [1m[35mBEGIN[0m
  [1m[35m (5.1ms)[0m  [1m[35mCREATE TABLE "users" ("id" bigserial primary key, "nome" character varying, "created_at" timestamp NOT NULL, "updated_at" timestamp NOT NULL)[0m
  [1m[35m (0.3ms)[0m  [1m[31mROLLBACK[0m
  [1m[35m (0.5ms)[0m  [1m[34mSELECT pg_advisory_unlock(1803879631815303000)[0m
  [1m[35m (1.4ms)[0m  [1m[34mSELECT "schema_migrations"."version" FROM "schema_migrations" ORDER BY "schema_migrations"."version" ASC[0m
  [1m[35m (0.7ms)[0m  [1m[34mSELECT "ar_internal_metadata"."value" FROM "ar_internal_metadata" WHERE "ar_internal_metadata"."key" = $1[0m  [["key", "environment"]]
  [1m[35m (0.4ms)[0m  [1m[34mSELECT "schema_migrations"."version" FROM "schema_migrations" ORDER BY "schema_migrations"."version" ASC[0m
  [1m[35m (0.6ms)[0m  [1m[34mSELECT "ar_internal_metadata"."value" FROM "ar_internal_metadata" WHERE "ar_internal_metadata"."key" = $1[0m  [["key", "environment"]]
  [1m[35m (0.5ms)[0m  [1m[34mSELECT "schema_migrations"."version" FROM "schema_migrations" ORDER BY "schema_migrations"."version" ASC[0m
  [1m[35m (0.5ms)[0m  [1m[34mSELECT "ar_internal_metadata"."value" FROM "ar_internal_metadata" WHERE "ar_internal_metadata"."key" = $1[0m  [["key", "environment"]]
  [1m[35m (5010.8ms)[0m  [1m[35mDROP DATABASE IF EXISTS "srv_development"[0m
  [1m[35m (1.6ms)[0m  [1m[34mSELECT "schema_migrations"."version" FROM "schema_migrations" ORDER BY "schema_migrations"."version" ASC[0m
  [1m[35m (0.6ms)[0m  [1m[34mSELECT "schema_migrations"."version" FROM "schema_migrations" ORDER BY "schema_migrations"."version" ASC[0m
  [1m[35m (1.6ms)[0m  [1m[34mSELECT "schema_migrations"."version" FROM "schema_migrations" ORDER BY "schema_migrations"."version" ASC[0m
  [1m[35m (0.6ms)[0m  [1m[34mSELECT "schema_migrations"."version" FROM "schema_migrations" ORDER BY "schema_migrations"."version" ASC[0m
  [1m[35m (0.4ms)[0m  [1m[34mSELECT pg_try_advisory_lock(1803879631815303000)[0m
  [1m[35m (1.4ms)[0m  [1m[34mSELECT "schema_migrations"."version" FROM "schema_migrations" ORDER BY "schema_migrations"."version" ASC[0m
Migrating to CreateUsers (20170810194200)
  [1m[35m (0.3ms)[0m  [1m[35mBEGIN[0m
  [1m[35m (4.3ms)[0m  [1m[35mCREATE TABLE "users" ("id" bigserial primary key, "nome" character varying, "created_at" timestamp NOT NULL, "updated_at" timestamp NOT NULL)[0m
  [1m[35m (0.2ms)[0m  [1m[31mROLLBACK[0m
  [1m[35m (0.4ms)[0m  [1m[34mSELECT pg_advisory_unlock(1803879631815303000)[0m
  [1m[35m (1.4ms)[0m  [1m[34mSELECT "schema_migrations"."version" FROM "schema_migrations" ORDER BY "schema_migrations"."version" ASC[0m
  [1m[35m (0.7ms)[0m  [1m[34mSELECT "ar_internal_metadata"."value" FROM "ar_internal_metadata" WHERE "ar_internal_metadata"."key" = $1[0m  [["key", "environment"]]
  [1m[35m (0.5ms)[0m  [1m[34mSELECT "schema_migrations"."version" FROM "schema_migrations" ORDER BY "schema_migrations"."version" ASC[0m
  [1m[35m (0.4ms)[0m  [1m[34mSELECT "ar_internal_metadata"."value" FROM "ar_internal_metadata" WHERE "ar_internal_metadata"."key" = $1[0m  [["key", "environment"]]
  [1m[35m (0.4ms)[0m  [1m[34mSELECT "schema_migrations"."version" FROM "schema_migrations" ORDER BY "schema_migrations"."version" ASC[0m
  [1m[35m (0.4ms)[0m  [1m[34mSELECT "ar_internal_metadata"."value" FROM "ar_internal_metadata" WHERE "ar_internal_metadata"."key" = $1[0m  [["key", "environment"]]
  [1m[35m (5011.4ms)[0m  [1m[35mDROP DATABASE IF EXISTS "srv_development"[0m
  [1m[35m (1.4ms)[0m  [1m[34mSELECT "schema_migrations"."version" FROM "schema_migrations" ORDER BY "schema_migrations"."version" ASC[0m
  [1m[35m (0.7ms)[0m  [1m[34mSELECT "ar_internal_metadata"."value" FROM "ar_internal_metadata" WHERE "ar_internal_metadata"."key" = $1[0m  [["key", "environment"]]
  [1m[35m (0.4ms)[0m  [1m[34mSELECT "schema_migrations"."version" FROM "schema_migrations" ORDER BY "schema_migrations"."version" ASC[0m
  [1m[35m (0.6ms)[0m  [1m[34mSELECT "ar_internal_metadata"."value" FROM "ar_internal_metadata" WHERE "ar_internal_metadata"."key" = $1[0m  [["key", "environment"]]
  [1m[35m (0.5ms)[0m  [1m[34mSELECT "schema_migrations"."version" FROM "schema_migrations" ORDER BY "schema_migrations"."version" ASC[0m
  [1m[35m (0.5ms)[0m  [1m[34mSELECT "ar_internal_metadata"."value" FROM "ar_internal_metadata" WHERE "ar_internal_metadata"."key" = $1[0m  [["key", "environment"]]
  [1m[35m (5012.5ms)[0m  [1m[35mDROP DATABASE IF EXISTS "srv_development"[0m
  [1m[35m (1.4ms)[0m  [1m[34mSELECT "schema_migrations"."version" FROM "schema_migrations" ORDER BY "schema_migrations"."version" ASC[0m
  [1m[35m (0.8ms)[0m  [1m[34mSELECT "ar_internal_metadata"."value" FROM "ar_internal_metadata" WHERE "ar_internal_metadata"."key" = $1[0m  [["key", "environment"]]
  [1m[35m (0.4ms)[0m  [1m[34mSELECT "schema_migrations"."version" FROM "schema_migrations" ORDER BY "schema_migrations"."version" ASC[0m
  [1m[35m (0.4ms)[0m  [1m[34mSELECT "ar_internal_metadata"."value" FROM "ar_internal_metadata" WHERE "ar_internal_metadata"."key" = $1[0m  [["key", "environment"]]
  [1m[35m (0.4ms)[0m  [1m[34mSELECT "schema_migrations"."version" FROM "schema_migrations" ORDER BY "schema_migrations"."version" ASC[0m
  [1m[35m (0.3ms)[0m  [1m[34mSELECT "ar_internal_metadata"."value" FROM "ar_internal_metadata" WHERE "ar_internal_metadata"."key" = $1[0m  [["key", "environment"]]
  [1m[35m (338.3ms)[0m  [1m[35mDROP DATABASE IF EXISTS "srv_development"[0m
  [1m[35m (237.4ms)[0m  [1m[35mDROP DATABASE IF EXISTS "srv_test"[0m
  [1m[35m (143.3ms)[0m  [1m[35mCREATE TABLE "schema_migrations" ("version" character varying NOT NULL PRIMARY KEY)[0m
  [1m[35m (131.1ms)[0m  [1m[35mCREATE TABLE "ar_internal_metadata" ("key" character varying NOT NULL PRIMARY KEY, "value" character varying, "created_at" timestamp NOT NULL, "updated_at" timestamp NOT NULL)[0m
  [1m[35m (0.5ms)[0m  [1m[34mSELECT pg_try_advisory_lock(1803879631815303000)[0m
  [1m[35m (1.0ms)[0m  [1m[34mSELECT "schema_migrations"."version" FROM "schema_migrations" ORDER BY "schema_migrations"."version" ASC[0m
Migrating to CreateUsers (20170810194200)
  [1m[35m (0.4ms)[0m  [1m[35mBEGIN[0m
  [1m[35m (108.8ms)[0m  [1m[35mCREATE TABLE "users" ("id" bigserial primary key, "nome" character varying, "created_at" timestamp NOT NULL, "updated_at" timestamp NOT NULL)[0m
  [1m[35mSQL (0.8ms)[0m  [1m[32mINSERT INTO "schema_migrations" ("version") VALUES ($1) RETURNING "version"[0m  [["version", "20170810194200"]]
  [1m[35m (31.8ms)[0m  [1m[35mCOMMIT[0m
  [1m[36mActiveRecord::InternalMetadata Load (0.9ms)[0m  [1m[34mSELECT  "ar_internal_metadata".* FROM "ar_internal_metadata" WHERE "ar_internal_metadata"."key" = $1 LIMIT $2[0m  [["key", "environment"], ["LIMIT", 1]]
  [1m[35m (0.4ms)[0m  [1m[35mBEGIN[0m
  [1m[35mSQL (1.0ms)[0m  [1m[32mINSERT INTO "ar_internal_metadata" ("key", "value", "created_at", "updated_at") VALUES ($1, $2, $3, $4) RETURNING "key"[0m  [["key", "environment"], ["value", "development"], ["created_at", "2017-08-10 19:45:15.893266"], ["updated_at", "2017-08-10 19:45:15.893266"]]
  [1m[35m (7.7ms)[0m  [1m[35mCOMMIT[0m
  [1m[35m (0.6ms)[0m  [1m[34mSELECT pg_advisory_unlock(1803879631815303000)[0m
  [1m[35m (0.8ms)[0m  [1m[34mSELECT "schema_migrations"."version" FROM "schema_migrations" ORDER BY "schema_migrations"."version" ASC[0m
  [1m[35m (0.3ms)[0m  [1m[34mSELECT pg_try_advisory_lock(1803879631815303000)[0m
  [1m[35m (1.5ms)[0m  [1m[34mSELECT "schema_migrations"."version" FROM "schema_migrations" ORDER BY "schema_migrations"."version" ASC[0m
Migrating to AddPasswordDigestToUsers (20170810194731)
  [1m[35m (0.3ms)[0m  [1m[35mBEGIN[0m
  [1m[35m (1.2ms)[0m  [1m[35mALTER TABLE "users" ADD "password_digest" character varying[0m
  [1m[35mSQL (0.8ms)[0m  [1m[32mINSERT INTO "schema_migrations" ("version") VALUES ($1) RETURNING "version"[0m  [["version", "20170810194731"]]
  [1m[35m (15.6ms)[0m  [1m[35mCOMMIT[0m
  [1m[36mActiveRecord::InternalMetadata Load (1.1ms)[0m  [1m[34mSELECT  "ar_internal_metadata".* FROM "ar_internal_metadata" WHERE "ar_internal_metadata"."key" = $1 LIMIT $2[0m  [["key", "environment"], ["LIMIT", 1]]
  [1m[35m (0.3ms)[0m  [1m[35mBEGIN[0m
  [1m[35m (0.3ms)[0m  [1m[35mCOMMIT[0m
  [1m[35m (0.5ms)[0m  [1m[34mSELECT pg_advisory_unlock(1803879631815303000)[0m
  [1m[35m (0.5ms)[0m  [1m[34mSELECT "schema_migrations"."version" FROM "schema_migrations" ORDER BY "schema_migrations"."version" ASC[0m
Started GET "/users/1" for 127.0.0.1 at 2017-08-10 16:51:17 -0300
  [1m[35m (1.6ms)[0m  [1m[34mSELECT "schema_migrations"."version" FROM "schema_migrations" ORDER BY "schema_migrations"."version" ASC[0m
Processing by UsersController#show as HTML
  Parameters: {"id"=>"1"}
  [1m[36mUser Load (0.7ms)[0m  [1m[34mSELECT  "users".* FROM "users" WHERE "users"."id" = $1 LIMIT $2[0m  [["id", 1], ["LIMIT", 1]]
Completed 404 Not Found in 35ms (ActiveRecord: 8.1ms)


  
ActiveRecord::RecordNotFound (Couldn't find User with 'id'=1):
  
app/controllers/users_controller.rb:67:in `set_user'
Started GET "/users/" for 127.0.0.1 at 2017-08-10 16:51:22 -0300
Processing by UsersController#index as HTML
  Rendering users/index.html.erb within layouts/application
  [1m[36mUser Load (0.6ms)[0m  [1m[34mSELECT "users".* FROM "users"[0m
  Rendered users/index.html.erb within layouts/application (20.8ms)
Completed 200 OK in 219ms (Views: 207.3ms | ActiveRecord: 10.7ms)


Started GET "/users/new" for 127.0.0.1 at 2017-08-10 16:51:25 -0300
Processing by UsersController#new as HTML
  Rendering users/new.html.erb within layouts/application
  Rendered users/_form.html.erb (15.1ms)
  Rendered users/new.html.erb within layouts/application (16.7ms)
Completed 200 OK in 81ms (Views: 39.1ms | ActiveRecord: 2.4ms)


Started GET "/users/new" for 127.0.0.1 at 2017-08-10 16:56:42 -0300
Processing by UsersController#new as HTML
  Rendering users/new.html.erb within layouts/application
  Rendered users/_form.html.erb (26.8ms)
  Rendered users/new.html.erb within layouts/application (29.2ms)
Completed 200 OK in 110ms (Views: 80.9ms | ActiveRecord: 0.0ms)


Started POST "/users" for 127.0.0.1 at 2017-08-10 16:57:00 -0300
Processing by UsersController#create as HTML
  Parameters: {"utf8"=>"✓", "authenticity_token"=>"91c+2q3uliM3LeKnJ4Pb/d4A3XcYlpPplgac3xxOHOJx2SDBuQbwA49VTD+BB1tu5WhFvBQKLTCH8sACVvmKvg==", "user"=>{"nome"=>"Alberto", "password"=>"[FILTERED]"}, "commit"=>"Create User"}
  [1m[35m (0.2ms)[0m  [1m[35mBEGIN[0m
  [1m[35m (0.2ms)[0m  [1m[31mROLLBACK[0m
Completed 500 Internal Server Error in 132ms (ActiveRecord: 0.4ms)


  
NoMethodError (undefined method `name' for #<User:0x007f4740bcaa50>
Did you mean?  nome):
  
app/controllers/users_controller.rb:30:in `block in create'
app/controllers/users_controller.rb:29:in `create'
Started POST "/users" for 127.0.0.1 at 2017-08-10 16:57:39 -0300
Processing by UsersController#create as HTML
  Parameters: {"utf8"=>"✓", "authenticity_token"=>"91c+2q3uliM3LeKnJ4Pb/d4A3XcYlpPplgac3xxOHOJx2SDBuQbwA49VTD+BB1tu5WhFvBQKLTCH8sACVvmKvg==", "user"=>{"nome"=>"Alberto", "password"=>"[FILTERED]"}, "commit"=>"Create User"}
  [1m[35m (0.3ms)[0m  [1m[35mBEGIN[0m
  [1m[35mSQL (1.3ms)[0m  [1m[32mINSERT INTO "users" ("nome", "created_at", "updated_at", "password_digest") VALUES ($1, $2, $3, $4) RETURNING "id"[0m  [["nome", "Alberto"], ["created_at", "2017-08-10 19:57:39.392816"], ["updated_at", "2017-08-10 19:57:39.392816"], ["password_digest", "$2a$10$HTHxDFMH.80qqm2ydEJa5.owWPlFccMiPHUyazvVUBSuS2BoIxRN."]]
  [1m[35m (34.4ms)[0m  [1m[35mCOMMIT[0m
Redirected to http://localhost:3000/users/1
Completed 302 Found in 188ms (ActiveRecord: 43.9ms)


Started GET "/users/1" for 127.0.0.1 at 2017-08-10 16:57:39 -0300
Processing by UsersController#show as HTML
  Parameters: {"id"=>"1"}
  [1m[36mUser Load (0.9ms)[0m  [1m[34mSELECT  "users".* FROM "users" WHERE "users"."id" = $1 LIMIT $2[0m  [["id", 1], ["LIMIT", 1]]
  Rendering users/show.html.erb within layouts/application
  Rendered users/show.html.erb within layouts/application (1.8ms)
Completed 200 OK in 34ms (Views: 24.3ms | ActiveRecord: 1.4ms)


  [1m[36mUser Load (0.7ms)[0m  [1m[34mSELECT  "users".* FROM "users" ORDER BY "users"."id" DESC LIMIT $1[0m  [["LIMIT", 1]]
  [1m[35m (0.4ms)[0m  [1m[34mSELECT pg_try_advisory_lock(1803879631815303000)[0m
  [1m[35m (1.6ms)[0m  [1m[34mSELECT "schema_migrations"."version" FROM "schema_migrations" ORDER BY "schema_migrations"."version" ASC[0m
Migrating to CreateServers (20170810200410)
  [1m[35m (0.3ms)[0m  [1m[35mBEGIN[0m
  [1m[35m (131.8ms)[0m  [1m[35mCREATE TABLE "servers" ("id" bigserial primary key, "login" character varying, "created_at" timestamp NOT NULL, "updated_at" timestamp NOT NULL)[0m
  [1m[35mSQL (0.9ms)[0m  [1m[32mINSERT INTO "schema_migrations" ("version") VALUES ($1) RETURNING "version"[0m  [["version", "20170810200410"]]
  [1m[35m (18.8ms)[0m  [1m[35mCOMMIT[0m
  [1m[36mActiveRecord::InternalMetadata Load (0.9ms)[0m  [1m[34mSELECT  "ar_internal_metadata".* FROM "ar_internal_metadata" WHERE "ar_internal_metadata"."key" = $1 LIMIT $2[0m  [["key", "environment"], ["LIMIT", 1]]
  [1m[35m (0.2ms)[0m  [1m[35mBEGIN[0m
  [1m[35m (0.2ms)[0m  [1m[35mCOMMIT[0m
  [1m[35m (0.4ms)[0m  [1m[34mSELECT pg_advisory_unlock(1803879631815303000)[0m
  [1m[35m (0.5ms)[0m  [1m[34mSELECT "schema_migrations"."version" FROM "schema_migrations" ORDER BY "schema_migrations"."version" ASC[0m
  [1m[35m (0.3ms)[0m  [1m[34mSELECT pg_try_advisory_lock(1803879631815303000)[0m
  [1m[35m (1.5ms)[0m  [1m[34mSELECT "schema_migrations"."version" FROM "schema_migrations" ORDER BY "schema_migrations"."version" ASC[0m
Migrating to AddPasswordDigestToServers (20170810200708)
  [1m[35m (0.4ms)[0m  [1m[35mBEGIN[0m
  [1m[35m (1.2ms)[0m  [1m[35mALTER TABLE "servers" ADD "password_digest" character varying[0m
  [1m[35mSQL (0.8ms)[0m  [1m[32mINSERT INTO "schema_migrations" ("version") VALUES ($1) RETURNING "version"[0m  [["version", "20170810200708"]]
  [1m[35m (21.1ms)[0m  [1m[35mCOMMIT[0m
  [1m[36mActiveRecord::InternalMetadata Load (0.7ms)[0m  [1m[34mSELECT  "ar_internal_metadata".* FROM "ar_internal_metadata" WHERE "ar_internal_metadata"."key" = $1 LIMIT $2[0m  [["key", "environment"], ["LIMIT", 1]]
  [1m[35m (0.2ms)[0m  [1m[35mBEGIN[0m
  [1m[35m (0.2ms)[0m  [1m[35mCOMMIT[0m
  [1m[35m (0.4ms)[0m  [1m[34mSELECT pg_advisory_unlock(1803879631815303000)[0m
  [1m[35m (0.4ms)[0m  [1m[34mSELECT "schema_migrations"."version" FROM "schema_migrations" ORDER BY "schema_migrations"."version" ASC[0m
Started GET "/users/1" for 127.0.0.1 at 2017-08-10 17:12:11 -0300
  [1m[35m (0.5ms)[0m  [1m[34mSELECT "schema_migrations"."version" FROM "schema_migrations" ORDER BY "schema_migrations"."version" ASC[0m
Processing by UsersController#show as HTML
  Parameters: {"id"=>"1"}
  [1m[36mUser Load (0.7ms)[0m  [1m[34mSELECT  "users".* FROM "users" WHERE "users"."id" = $1 LIMIT $2[0m  [["id", 1], ["LIMIT", 1]]
  Rendering users/show.html.erb within layouts/application
  Rendered users/show.html.erb within layouts/application (0.8ms)
Completed 200 OK in 128ms (Views: 93.3ms | ActiveRecord: 9.8ms)


Started GET "/server" for 127.0.0.1 at 2017-08-10 17:12:20 -0300
  
ActionController::RoutingError (No route matches [GET] "/server"):
  
actionpack (5.1.3) lib/action_dispatch/middleware/debug_exceptions.rb:63:in `call'
web-console (3.5.1) lib/web_console/middleware.rb:135:in `call_app'
web-console (3.5.1) lib/web_console/middleware.rb:28:in `block in call'
web-console (3.5.1) lib/web_console/middleware.rb:18:in `catch'
web-console (3.5.1) lib/web_console/middleware.rb:18:in `call'
actionpack (5.1.3) lib/action_dispatch/middleware/show_exceptions.rb:31:in `call'
railties (5.1.3) lib/rails/rack/logger.rb:36:in `call_app'
railties (5.1.3) lib/rails/rack/logger.rb:24:in `block in call'
activesupport (5.1.3) lib/active_support/tagged_logging.rb:69:in `block in tagged'
activesupport (5.1.3) lib/active_support/tagged_logging.rb:26:in `tagged'
activesupport (5.1.3) lib/active_support/tagged_logging.rb:69:in `tagged'
railties (5.1.3) lib/rails/rack/logger.rb:24:in `call'
sprockets-rails (3.2.0) lib/sprockets/rails/quiet_assets.rb:13:in `call'
actionpack (5.1.3) lib/action_dispatch/middleware/remote_ip.rb:79:in `call'
actionpack (5.1.3) lib/action_dispatch/middleware/request_id.rb:25:in `call'
rack (2.0.3) lib/rack/method_override.rb:22:in `call'
rack (2.0.3) lib/rack/runtime.rb:22:in `call'
activesupport (5.1.3) lib/active_support/cache/strategy/local_cache_middleware.rb:27:in `call'
actionpack (5.1.3) lib/action_dispatch/middleware/executor.rb:12:in `call'
actionpack (5.1.3) lib/action_dispatch/middleware/static.rb:125:in `call'
rack (2.0.3) lib/rack/sendfile.rb:111:in `call'
railties (5.1.3) lib/rails/engine.rb:522:in `call'
puma (3.9.1) lib/puma/configuration.rb:224:in `call'
puma (3.9.1) lib/puma/server.rb:602:in `handle_request'
puma (3.9.1) lib/puma/server.rb:435:in `process_client'
puma (3.9.1) lib/puma/server.rb:299:in `block in run'
puma (3.9.1) lib/puma/thread_pool.rb:120:in `block in spawn_thread'
Started GET "/servers" for 127.0.0.1 at 2017-08-10 17:12:35 -0300
Processing by ServersController#index as HTML
  Rendering servers/index.html.erb within layouts/application
  [1m[36mServer Load (0.7ms)[0m  [1m[34mSELECT "servers".* FROM "servers"[0m
  Rendered servers/index.html.erb within layouts/application (7.7ms)
Completed 200 OK in 54ms (Views: 41.0ms | ActiveRecord: 4.4ms)


Started GET "/servers/new" for 127.0.0.1 at 2017-08-10 17:12:42 -0300
Processing by ServersController#new as HTML
  Rendering servers/new.html.erb within layouts/application
  Rendered servers/_form.html.erb (4.4ms)
  Rendered servers/new.html.erb within layouts/application (6.9ms)
Completed 200 OK in 45ms (Views: 29.6ms | ActiveRecord: 1.8ms)


Started GET "/servers" for 127.0.0.1 at 2017-08-10 17:12:47 -0300
Processing by ServersController#index as HTML
  Rendering servers/index.html.erb within layouts/application
  [1m[36mServer Load (0.4ms)[0m  [1m[34mSELECT "servers".* FROM "servers"[0m
  Rendered servers/index.html.erb within layouts/application (2.7ms)
Completed 200 OK in 33ms (Views: 29.7ms | ActiveRecord: 0.4ms)


  [1m[35m (0.4ms)[0m  [1m[34mSELECT pg_try_advisory_lock(1803879631815303000)[0m
  [1m[35m (1.3ms)[0m  [1m[34mSELECT "schema_migrations"."version" FROM "schema_migrations" ORDER BY "schema_migrations"."version" ASC[0m
Migrating to CreateUserServers (20170810202330)
  [1m[35m (0.3ms)[0m  [1m[35mBEGIN[0m
  [1m[35m (78.6ms)[0m  [1m[35mCREATE TABLE "user_servers" ("id" bigserial primary key, "user_id" bigint, "server_id" bigint, "created_at" timestamp NOT NULL, "updated_at" timestamp NOT NULL, CONSTRAINT "fk_rails_1cbfbf7f12"
FOREIGN KEY ("user_id")
  REFERENCES "users" ("id")
, CONSTRAINT "fk_rails_e3e8078350"
FOREIGN KEY ("server_id")
  REFERENCES "servers" ("id")
)[0m
  [1m[35m (58.8ms)[0m  [1m[35mCREATE  INDEX  "index_user_servers_on_user_id" ON "user_servers"  ("user_id")[0m
  [1m[35m (54.1ms)[0m  [1m[35mCREATE  INDEX  "index_user_servers_on_server_id" ON "user_servers"  ("server_id")[0m
  [1m[35mSQL (0.8ms)[0m  [1m[32mINSERT INTO "schema_migrations" ("version") VALUES ($1) RETURNING "version"[0m  [["version", "20170810202330"]]
  [1m[35m (27.6ms)[0m  [1m[35mCOMMIT[0m
  [1m[36mActiveRecord::InternalMetadata Load (1.1ms)[0m  [1m[34mSELECT  "ar_internal_metadata".* FROM "ar_internal_metadata" WHERE "ar_internal_metadata"."key" = $1 LIMIT $2[0m  [["key", "environment"], ["LIMIT", 1]]
  [1m[35m (0.3ms)[0m  [1m[35mBEGIN[0m
  [1m[35m (0.3ms)[0m  [1m[35mCOMMIT[0m
  [1m[35m (0.5ms)[0m  [1m[34mSELECT pg_advisory_unlock(1803879631815303000)[0m
  [1m[35m (0.6ms)[0m  [1m[34mSELECT "schema_migrations"."version" FROM "schema_migrations" ORDER BY "schema_migrations"."version" ASC[0m
Started GET "/servers" for 127.0.0.1 at 2017-08-10 17:29:15 -0300
  [1m[35m (1.0ms)[0m  [1m[34mSELECT "schema_migrations"."version" FROM "schema_migrations" ORDER BY "schema_migrations"."version" ASC[0m
Processing by ServersController#index as HTML
Completed 500 Internal Server Error in 21ms (ActiveRecord: 0.0ms)


  
ArgumentError (Unknown key: :trough. Valid keys are: :class_name, :anonymous_class, :foreign_key, :validate, :autosave, :table_name, :before_add, :after_add, :before_remove, :after_remove, :extend, :primary_key, :dependent, :as, :through, :source, :source_type, :inverse_of, :counter_cache, :join_table, :foreign_type, :index_errors):
  
app/models/server.rb:5:in `<class:Server>'
app/models/server.rb:1:in `<top (required)>'
app/controllers/servers_controller.rb:7:in `index'
Started GET "/servers" for 127.0.0.1 at 2017-08-10 17:29:40 -0300
Processing by ServersController#index as HTML
  Rendering servers/index.html.erb within layouts/application
  [1m[36mServer Load (1.6ms)[0m  [1m[34mSELECT "servers".* FROM "servers"[0m
  Rendered servers/index.html.erb within layouts/application (8.8ms)
Completed 200 OK in 423ms (Views: 408.0ms | ActiveRecord: 4.7ms)


  [1m[36mUser Load (1.0ms)[0m  [1m[34mSELECT  "users".* FROM "users" ORDER BY "users"."id" DESC LIMIT $1[0m  [["LIMIT", 1]]
  [1m[36mUser Load (1.1ms)[0m  [1m[34mSELECT  "users".* FROM "users" ORDER BY "users"."id" DESC LIMIT $1[0m  [["LIMIT", 1]]
  [1m[36mServer Load (0.5ms)[0m  [1m[34mSELECT  "servers".* FROM "servers" ORDER BY "servers"."id" DESC LIMIT $1[0m  [["LIMIT", 1]]
  [1m[36mServer Load (1.3ms)[0m  [1m[34mSELECT  "servers".* FROM "servers" INNER JOIN "user_servers" ON "servers"."id" = "user_servers"."server_id" WHERE "user_servers"."user_id" = $1 LIMIT $2[0m  [["user_id", 1], ["LIMIT", 11]]
Started GET "/user_serves" for 127.0.0.1 at 2017-08-10 17:37:46 -0300
  
ActionController::RoutingError (No route matches [GET] "/user_serves"):
  
actionpack (5.1.3) lib/action_dispatch/middleware/debug_exceptions.rb:63:in `call'
web-console (3.5.1) lib/web_console/middleware.rb:135:in `call_app'
web-console (3.5.1) lib/web_console/middleware.rb:28:in `block in call'
web-console (3.5.1) lib/web_console/middleware.rb:18:in `catch'
web-console (3.5.1) lib/web_console/middleware.rb:18:in `call'
actionpack (5.1.3) lib/action_dispatch/middleware/show_exceptions.rb:31:in `call'
railties (5.1.3) lib/rails/rack/logger.rb:36:in `call_app'
railties (5.1.3) lib/rails/rack/logger.rb:24:in `block in call'
activesupport (5.1.3) lib/active_support/tagged_logging.rb:69:in `block in tagged'
activesupport (5.1.3) lib/active_support/tagged_logging.rb:26:in `tagged'
activesupport (5.1.3) lib/active_support/tagged_logging.rb:69:in `tagged'
railties (5.1.3) lib/rails/rack/logger.rb:24:in `call'
sprockets-rails (3.2.0) lib/sprockets/rails/quiet_assets.rb:13:in `call'
actionpack (5.1.3) lib/action_dispatch/middleware/remote_ip.rb:79:in `call'
actionpack (5.1.3) lib/action_dispatch/middleware/request_id.rb:25:in `call'
rack (2.0.3) lib/rack/method_override.rb:22:in `call'
rack (2.0.3) lib/rack/runtime.rb:22:in `call'
activesupport (5.1.3) lib/active_support/cache/strategy/local_cache_middleware.rb:27:in `call'
actionpack (5.1.3) lib/action_dispatch/middleware/executor.rb:12:in `call'
actionpack (5.1.3) lib/action_dispatch/middleware/static.rb:125:in `call'
rack (2.0.3) lib/rack/sendfile.rb:111:in `call'
railties (5.1.3) lib/rails/engine.rb:522:in `call'
puma (3.9.1) lib/puma/configuration.rb:224:in `call'
puma (3.9.1) lib/puma/server.rb:602:in `handle_request'
puma (3.9.1) lib/puma/server.rb:435:in `process_client'
puma (3.9.1) lib/puma/server.rb:299:in `block in run'
puma (3.9.1) lib/puma/thread_pool.rb:120:in `block in spawn_thread'
Started GET "/user_servers" for 127.0.0.1 at 2017-08-10 17:37:51 -0300
Processing by UserServersController#index as HTML
  Rendering user_servers/index.html.erb within layouts/application
  [1m[36mUserServer Load (1.5ms)[0m  [1m[34mSELECT "user_servers".* FROM "user_servers"[0m
  Rendered user_servers/index.html.erb within layouts/application (8.5ms)
Completed 200 OK in 52ms (Views: 36.7ms | ActiveRecord: 3.5ms)


Started GET "/user_servers/new" for 127.0.0.1 at 2017-08-10 17:37:53 -0300
Processing by UserServersController#new as HTML
  Rendering user_servers/new.html.erb within layouts/application
  Rendered user_servers/_form.html.erb (11.0ms)
  Rendered user_servers/new.html.erb within layouts/application (12.7ms)
Completed 200 OK in 56ms (Views: 37.6ms | ActiveRecord: 3.3ms)


Started GET "/servers" for 127.0.0.1 at 2017-08-10 17:38:26 -0300
Processing by ServersController#index as HTML
  Rendering servers/index.html.erb within layouts/application
  [1m[36mServer Load (0.4ms)[0m  [1m[34mSELECT "servers".* FROM "servers"[0m
  Rendered servers/index.html.erb within layouts/application (5.4ms)
Completed 200 OK in 41ms (Views: 38.5ms | ActiveRecord: 0.4ms)


Started GET "/servers/new" for 127.0.0.1 at 2017-08-10 17:38:28 -0300
Processing by ServersController#new as HTML
  Rendering servers/new.html.erb within layouts/application
  Rendered servers/_form.html.erb (4.5ms)
  Rendered servers/new.html.erb within layouts/application (6.0ms)
Completed 200 OK in 57ms (Views: 39.0ms | ActiveRecord: 2.0ms)


  [1m[35m (0.4ms)[0m  [1m[34mSELECT pg_try_advisory_lock(1803879631815303000)[0m
  [1m[35m (0.9ms)[0m  [1m[34mSELECT "schema_migrations"."version" FROM "schema_migrations" ORDER BY "schema_migrations"."version" ASC[0m
Migrating to AddNomeToServers (20170810204115)
  [1m[35m (0.3ms)[0m  [1m[35mBEGIN[0m
  [1m[35m (1.1ms)[0m  [1m[35mALTER TABLE "servers" ADD "nome" character varying[0m
  [1m[35mSQL (0.8ms)[0m  [1m[32mINSERT INTO "schema_migrations" ("version") VALUES ($1) RETURNING "version"[0m  [["version", "20170810204115"]]
  [1m[35m (28.3ms)[0m  [1m[35mCOMMIT[0m
  [1m[36mActiveRecord::InternalMetadata Load (0.8ms)[0m  [1m[34mSELECT  "ar_internal_metadata".* FROM "ar_internal_metadata" WHERE "ar_internal_metadata"."key" = $1 LIMIT $2[0m  [["key", "environment"], ["LIMIT", 1]]
  [1m[35m (0.3ms)[0m  [1m[35mBEGIN[0m
  [1m[35m (0.2ms)[0m  [1m[35mCOMMIT[0m
  [1m[35m (0.5ms)[0m  [1m[34mSELECT pg_advisory_unlock(1803879631815303000)[0m
  [1m[35m (0.6ms)[0m  [1m[34mSELECT "schema_migrations"."version" FROM "schema_migrations" ORDER BY "schema_migrations"."version" ASC[0m
Started GET "/servers/new" for 127.0.0.1 at 2017-08-10 17:43:19 -0300
  [1m[35m (0.5ms)[0m  [1m[34mSELECT "schema_migrations"."version" FROM "schema_migrations" ORDER BY "schema_migrations"."version" ASC[0m
Processing by ServersController#new as HTML
  Rendering servers/new.html.erb within layouts/application
  Rendered servers/_form.html.erb (4.8ms)
  Rendered servers/new.html.erb within layouts/application (6.8ms)
Completed 200 OK in 69ms (Views: 34.4ms | ActiveRecord: 8.6ms)


Started GET "/servers/new" for 127.0.0.1 at 2017-08-10 17:44:20 -0300
Processing by ServersController#new as HTML
  Rendering servers/new.html.erb within layouts/application
  Rendered servers/_form.html.erb (3.9ms)
  Rendered servers/new.html.erb within layouts/application (5.3ms)
Completed 200 OK in 66ms (Views: 31.6ms | ActiveRecord: 8.4ms)


Started POST "/servers" for 127.0.0.1 at 2017-08-10 17:44:29 -0300
Processing by ServersController#create as HTML
  Parameters: {"utf8"=>"✓", "authenticity_token"=>"gJ3720M0sBeK+JhwzsRZRtUK+929brjGc5RtZJ6wDqEGE+XAV9zWNzKANuhoQNnV7mJjFrHyBh9iYDG51AeY/Q==", "server"=>{"nome"=>"dsa", "login"=>"dsa", "password"=>"[FILTERED]", "password_confirmation"=>"[FILTERED]"}, "commit"=>"Create Server"}
  [1m[35m (0.3ms)[0m  [1m[35mBEGIN[0m
  [1m[35m (0.3ms)[0m  [1m[31mROLLBACK[0m
  Rendering servers/new.html.erb within layouts/application
  Rendered servers/_form.html.erb (6.6ms)
  Rendered servers/new.html.erb within layouts/application (9.5ms)
Completed 200 OK in 169ms (Views: 47.4ms | ActiveRecord: 0.6ms)


Started POST "/servers" for 127.0.0.1 at 2017-08-10 17:45:50 -0300
Processing by ServersController#create as HTML
  Parameters: {"utf8"=>"✓", "authenticity_token"=>"x4vJREB0JlsiUde6H9MfhSFxG1ZD/8xSZkoXACL06sRBBddfVJxAe5opeSK5V58WGhmDnU9jcot3vkvdaEN8mA==", "server"=>{"nome"=>"Estoque", "login"=>"Alb2", "password"=>"[FILTERED]", "password_confirmation"=>"[FILTERED]"}, "commit"=>"Create Server"}
  [1m[35m (0.3ms)[0m  [1m[35mBEGIN[0m
  [1m[35mSQL (1.5ms)[0m  [1m[32mINSERT INTO "servers" ("login", "created_at", "updated_at", "password_digest", "nome") VALUES ($1, $2, $3, $4, $5) RETURNING "id"[0m  [["login", "Alb2"], ["created_at", "2017-08-10 20:45:50.562376"], ["updated_at", "2017-08-10 20:45:50.562376"], ["password_digest", "$2a$10$BariT.nZflBSm6K.pYRHTOBAjssAqLG9WYPb8UJwqe66hxJkX.SbG"], ["nome", "Estoque"]]
  [1m[35m (22.5ms)[0m  [1m[35mCOMMIT[0m
Redirected to http://localhost:3000/servers/1
Completed 302 Found in 149ms (ActiveRecord: 24.3ms)


Started GET "/servers/1" for 127.0.0.1 at 2017-08-10 17:45:50 -0300
Processing by ServersController#show as HTML
  Parameters: {"id"=>"1"}
  [1m[36mServer Load (0.8ms)[0m  [1m[34mSELECT  "servers".* FROM "servers" WHERE "servers"."id" = $1 LIMIT $2[0m  [["id", 1], ["LIMIT", 1]]
  Rendering servers/show.html.erb within layouts/application
  Rendered servers/show.html.erb within layouts/application (1.2ms)
Completed 200 OK in 38ms (Views: 29.8ms | ActiveRecord: 1.2ms)


Started GET "/servers" for 127.0.0.1 at 2017-08-10 17:45:55 -0300
Processing by ServersController#index as HTML
  Rendering servers/index.html.erb within layouts/application
  [1m[36mServer Load (0.8ms)[0m  [1m[34mSELECT "servers".* FROM "servers"[0m
  Rendered servers/index.html.erb within layouts/application (5.5ms)
Completed 200 OK in 38ms (Views: 34.1ms | ActiveRecord: 0.8ms)


Started GET "/servers" for 127.0.0.1 at 2017-08-10 17:47:22 -0300
Processing by ServersController#index as HTML
  Rendering servers/index.html.erb within layouts/application
  [1m[36mServer Load (0.5ms)[0m  [1m[34mSELECT "servers".* FROM "servers"[0m
  Rendered servers/index.html.erb within layouts/application (4.0ms)
Completed 200 OK in 33ms (Views: 30.5ms | ActiveRecord: 0.5ms)


Started GET "/servers/1" for 127.0.0.1 at 2017-08-10 17:47:26 -0300
Processing by ServersController#show as HTML
  Parameters: {"id"=>"1"}
  [1m[36mServer Load (0.5ms)[0m  [1m[34mSELECT  "servers".* FROM "servers" WHERE "servers"."id" = $1 LIMIT $2[0m  [["id", 1], ["LIMIT", 1]]
  Rendering servers/show.html.erb within layouts/application
  Rendered servers/show.html.erb within layouts/application (1.2ms)
Completed 200 OK in 36ms (Views: 32.3ms | ActiveRecord: 0.5ms)


Started GET "/servers/1" for 127.0.0.1 at 2017-08-10 17:48:27 -0300
Processing by ServersController#show as HTML
  Parameters: {"id"=>"1"}
  [1m[36mServer Load (0.4ms)[0m  [1m[34mSELECT  "servers".* FROM "servers" WHERE "servers"."id" = $1 LIMIT $2[0m  [["id", 1], ["LIMIT", 1]]
  Rendering servers/show.html.erb within layouts/application
  Rendered servers/show.html.erb within layouts/application (1.3ms)
Completed 200 OK in 34ms (Views: 30.6ms | ActiveRecord: 0.4ms)


Started GET "/servers/1" for 127.0.0.1 at 2017-08-10 17:48:37 -0300
Processing by ServersController#show as HTML
  Parameters: {"id"=>"1"}
  [1m[36mServer Load (0.4ms)[0m  [1m[34mSELECT  "servers".* FROM "servers" WHERE "servers"."id" = $1 LIMIT $2[0m  [["id", 1], ["LIMIT", 1]]
  Rendering servers/show.html.erb within layouts/application
  Rendered servers/show.html.erb within layouts/application (1.2ms)
Completed 200 OK in 43ms (Views: 39.2ms | ActiveRecord: 0.4ms)


Started GET "/servers" for 127.0.0.1 at 2017-08-10 17:49:55 -0300
Processing by ServersController#index as HTML
  Rendering servers/index.html.erb within layouts/application
  [1m[36mServer Load (0.4ms)[0m  [1m[34mSELECT "servers".* FROM "servers"[0m
  Rendered servers/index.html.erb within layouts/application (19.6ms)
Completed 200 OK in 57ms (Views: 41.2ms | ActiveRecord: 5.5ms)


Started GET "/user_servers" for 127.0.0.1 at 2017-08-10 17:50:46 -0300
Processing by UserServersController#index as HTML
  Rendering user_servers/index.html.erb within layouts/application
  [1m[36mUserServer Load (0.4ms)[0m  [1m[34mSELECT "user_servers".* FROM "user_servers"[0m
  Rendered user_servers/index.html.erb within layouts/application (7.4ms)
Completed 200 OK in 43ms (Views: 32.8ms | ActiveRecord: 3.0ms)


Started GET "/user_servers/new" for 127.0.0.1 at 2017-08-10 17:50:48 -0300
Processing by UserServersController#new as HTML
  Rendering user_servers/new.html.erb within layouts/application
  Rendered user_servers/_form.html.erb (3.2ms)
  Rendered user_servers/new.html.erb within layouts/application (4.6ms)
Completed 200 OK in 50ms (Views: 31.6ms | ActiveRecord: 2.3ms)


Started POST "/user_servers" for 127.0.0.1 at 2017-08-10 17:50:55 -0300
Processing by UserServersController#create as HTML
  Parameters: {"utf8"=>"✓", "authenticity_token"=>"KKei2tClDX3a8NeOw7nfxV+scn2Ic9OXwsvYe1GM/JnygjoE/KOhK9zSrtDyfa5sbm6j/2qC6T4Q2/p0MuAPsQ==", "user_server"=>{"user_id"=>"1", "server_id"=>"1"}, "commit"=>"Create User server"}
  [1m[35m (0.2ms)[0m  [1m[35mBEGIN[0m
  [1m[36mUser Load (1.0ms)[0m  [1m[34mSELECT  "users".* FROM "users" WHERE "users"."id" = $1 LIMIT $2[0m  [["id", 1], ["LIMIT", 1]]
  [1m[36mServer Load (0.6ms)[0m  [1m[34mSELECT  "servers".* FROM "servers" WHERE "servers"."id" = $1 LIMIT $2[0m  [["id", 1], ["LIMIT", 1]]
  [1m[35mSQL (2.2ms)[0m  [1m[32mINSERT INTO "user_servers" ("user_id", "server_id", "created_at", "updated_at") VALUES ($1, $2, $3, $4) RETURNING "id"[0m  [["user_id", 1], ["server_id", 1], ["created_at", "2017-08-10 20:50:56.056484"], ["updated_at", "2017-08-10 20:50:56.056484"]]
  [1m[35m (38.1ms)[0m  [1m[35mCOMMIT[0m
Redirected to http://localhost:3000/user_servers/1
Completed 302 Found in 182ms (ActiveRecord: 49.7ms)


Started GET "/user_servers/1" for 127.0.0.1 at 2017-08-10 17:50:56 -0300
Processing by UserServersController#show as HTML
  Parameters: {"id"=>"1"}
  [1m[36mUserServer Load (0.8ms)[0m  [1m[34mSELECT  "user_servers".* FROM "user_servers" WHERE "user_servers"."id" = $1 LIMIT $2[0m  [["id", 1], ["LIMIT", 1]]
  Rendering user_servers/show.html.erb within layouts/application
  [1m[36mUser Load (0.8ms)[0m  [1m[34mSELECT  "users".* FROM "users" WHERE "users"."id" = $1 LIMIT $2[0m  [["id", 1], ["LIMIT", 1]]
  [1m[36mServer Load (0.7ms)[0m  [1m[34mSELECT  "servers".* FROM "servers" WHERE "servers"."id" = $1 LIMIT $2[0m  [["id", 1], ["LIMIT", 1]]
  Rendered user_servers/show.html.erb within layouts/application (7.7ms)
Completed 200 OK in 40ms (Views: 34.4ms | ActiveRecord: 2.3ms)


Started GET "/user_servers/1" for 127.0.0.1 at 2017-08-10 17:51:40 -0300
Processing by UserServersController#show as HTML
  Parameters: {"id"=>"1"}
  [1m[36mUserServer Load (0.6ms)[0m  [1m[34mSELECT  "user_servers".* FROM "user_servers" WHERE "user_servers"."id" = $1 LIMIT $2[0m  [["id", 1], ["LIMIT", 1]]
  Rendering user_servers/show.html.erb within layouts/application
  [1m[36mUser Load (0.5ms)[0m  [1m[34mSELECT  "users".* FROM "users" WHERE "users"."id" = $1 LIMIT $2[0m  [["id", 1], ["LIMIT", 1]]
  [1m[36mServer Load (0.4ms)[0m  [1m[34mSELECT  "servers".* FROM "servers" WHERE "servers"."id" = $1 LIMIT $2[0m  [["id", 1], ["LIMIT", 1]]
  Rendered user_servers/show.html.erb within layouts/application (6.8ms)
Completed 200 OK in 46ms (Views: 41.0ms | ActiveRecord: 1.4ms)


Started GET "/users" for 127.0.0.1 at 2017-08-10 17:52:25 -0300
Processing by UsersController#index as HTML
  Rendering users/index.html.erb within layouts/application
  [1m[36mUser Load (0.3ms)[0m  [1m[34mSELECT "users".* FROM "users"[0m
  Rendered users/index.html.erb within layouts/application (4.1ms)
Completed 200 OK in 34ms (Views: 31.3ms | ActiveRecord: 0.3ms)


Started GET "/users/1" for 127.0.0.1 at 2017-08-10 17:52:31 -0300
Processing by UsersController#show as HTML
  Parameters: {"id"=>"1"}
  [1m[36mUser Load (0.6ms)[0m  [1m[34mSELECT  "users".* FROM "users" WHERE "users"."id" = $1 LIMIT $2[0m  [["id", 1], ["LIMIT", 1]]
  Rendering users/show.html.erb within layouts/application
  Rendered users/show.html.erb within layouts/application (1.2ms)
Completed 200 OK in 36ms (Views: 31.0ms | ActiveRecord: 0.6ms)


Started GET "/users/1" for 127.0.0.1 at 2017-08-10 17:56:08 -0300
Processing by UsersController#show as HTML
  Parameters: {"id"=>"1"}
  [1m[36mUser Load (0.5ms)[0m  [1m[34mSELECT  "users".* FROM "users" WHERE "users"."id" = $1 LIMIT $2[0m  [["id", 1], ["LIMIT", 1]]
  Rendering users/show.html.erb within layouts/application
  [1m[36mServer Load (0.9ms)[0m  [1m[34mSELECT "servers".* FROM "servers" INNER JOIN "user_servers" ON "servers"."id" = "user_servers"."server_id" WHERE "user_servers"."user_id" = $1[0m  [["user_id", 1]]
  Rendered users/show.html.erb within layouts/application (319.5ms)
Completed 500 Internal Server Error in 328ms (ActiveRecord: 1.4ms)


  
ActionView::Template::Error (undefined local variable or method `servers' for #<#<Class:0x007f6889f53608>:0x007f688914cff0>
Did you mean?  server):
     8: <p>
     9:   <strong>Servidores:</strong>
    10:   <%= @user.servers.each do |server| %>
    11:   	<%= servers.nome %>
    12:   <%end%>
    13: </p>
    14: 
  
app/views/users/show.html.erb:11:in `block in _app_views_users_show_html_erb__4203317423874070493_70043476588260'
app/views/users/show.html.erb:10:in `_app_views_users_show_html_erb__4203317423874070493_70043476588260'
Started GET "/users/1" for 127.0.0.1 at 2017-08-10 17:56:39 -0300
Processing by UsersController#show as HTML
  Parameters: {"id"=>"1"}
  [1m[36mUser Load (0.5ms)[0m  [1m[34mSELECT  "users".* FROM "users" WHERE "users"."id" = $1 LIMIT $2[0m  [["id", 1], ["LIMIT", 1]]
  Rendering users/show.html.erb within layouts/application
  [1m[36mServer Load (0.8ms)[0m  [1m[34mSELECT "servers".* FROM "servers" INNER JOIN "user_servers" ON "servers"."id" = "user_servers"."server_id" WHERE "user_servers"."user_id" = $1[0m  [["user_id", 1]]
  Rendered users/show.html.erb within layouts/application (4.9ms)
Completed 200 OK in 42ms (Views: 35.4ms | ActiveRecord: 1.3ms)


Started GET "/users/1" for 127.0.0.1 at 2017-08-10 17:57:01 -0300
Processing by UsersController#show as HTML
  Parameters: {"id"=>"1"}
  [1m[36mUser Load (0.3ms)[0m  [1m[34mSELECT  "users".* FROM "users" WHERE "users"."id" = $1 LIMIT $2[0m  [["id", 1], ["LIMIT", 1]]
  Rendering users/show.html.erb within layouts/application
  [1m[36mServer Load (0.5ms)[0m  [1m[34mSELECT "servers".* FROM "servers" INNER JOIN "user_servers" ON "servers"."id" = "user_servers"."server_id" WHERE "user_servers"."user_id" = $1[0m  [["user_id", 1]]
  Rendered users/show.html.erb within layouts/application (4.1ms)
Completed 200 OK in 38ms (Views: 33.5ms | ActiveRecord: 0.8ms)


Started GET "/user/" for 127.0.0.1 at 2017-08-11 14:19:22 -0300
  [1m[35m (25.9ms)[0m  [1m[34mSELECT "schema_migrations"."version" FROM "schema_migrations" ORDER BY "schema_migrations"."version" ASC[0m
  
ActionController::RoutingError (No route matches [GET] "/user"):
  
actionpack (5.1.3) lib/action_dispatch/middleware/debug_exceptions.rb:63:in `call'
web-console (3.5.1) lib/web_console/middleware.rb:135:in `call_app'
web-console (3.5.1) lib/web_console/middleware.rb:28:in `block in call'
web-console (3.5.1) lib/web_console/middleware.rb:18:in `catch'
web-console (3.5.1) lib/web_console/middleware.rb:18:in `call'
actionpack (5.1.3) lib/action_dispatch/middleware/show_exceptions.rb:31:in `call'
railties (5.1.3) lib/rails/rack/logger.rb:36:in `call_app'
railties (5.1.3) lib/rails/rack/logger.rb:24:in `block in call'
activesupport (5.1.3) lib/active_support/tagged_logging.rb:69:in `block in tagged'
activesupport (5.1.3) lib/active_support/tagged_logging.rb:26:in `tagged'
activesupport (5.1.3) lib/active_support/tagged_logging.rb:69:in `tagged'
railties (5.1.3) lib/rails/rack/logger.rb:24:in `call'
sprockets-rails (3.2.0) lib/sprockets/rails/quiet_assets.rb:13:in `call'
actionpack (5.1.3) lib/action_dispatch/middleware/remote_ip.rb:79:in `call'
actionpack (5.1.3) lib/action_dispatch/middleware/request_id.rb:25:in `call'
rack (2.0.3) lib/rack/method_override.rb:22:in `call'
rack (2.0.3) lib/rack/runtime.rb:22:in `call'
activesupport (5.1.3) lib/active_support/cache/strategy/local_cache_middleware.rb:27:in `call'
actionpack (5.1.3) lib/action_dispatch/middleware/executor.rb:12:in `call'
actionpack (5.1.3) lib/action_dispatch/middleware/static.rb:125:in `call'
rack (2.0.3) lib/rack/sendfile.rb:111:in `call'
railties (5.1.3) lib/rails/engine.rb:522:in `call'
puma (3.9.1) lib/puma/configuration.rb:224:in `call'
puma (3.9.1) lib/puma/server.rb:602:in `handle_request'
puma (3.9.1) lib/puma/server.rb:435:in `process_client'
puma (3.9.1) lib/puma/server.rb:299:in `block in run'
puma (3.9.1) lib/puma/thread_pool.rb:120:in `block in spawn_thread'
Started GET "/users/" for 127.0.0.1 at 2017-08-11 14:19:33 -0300
Processing by UsersController#index as HTML
  Rendering users/index.html.erb within layouts/application
  [1m[36mUser Load (66.5ms)[0m  [1m[34mSELECT "users".* FROM "users"[0m
  Rendered users/index.html.erb within layouts/application (195.3ms)
Completed 200 OK in 867ms (Views: 703.4ms | ActiveRecord: 84.0ms)


Started GET "/users/1" for 127.0.0.1 at 2017-08-11 14:19:42 -0300
Processing by UsersController#show as HTML
  Parameters: {"id"=>"1"}
  [1m[36mUser Load (1.1ms)[0m  [1m[34mSELECT  "users".* FROM "users" WHERE "users"."id" = $1 LIMIT $2[0m  [["id", 1], ["LIMIT", 1]]
  Rendering users/show.html.erb within layouts/application
  [1m[36mServer Load (90.2ms)[0m  [1m[34mSELECT "servers".* FROM "servers" INNER JOIN "user_servers" ON "servers"."id" = "user_servers"."server_id" WHERE "user_servers"."user_id" = $1[0m  [["user_id", 1]]
  Rendered users/show.html.erb within layouts/application (225.8ms)
Completed 200 OK in 315ms (Views: 152.5ms | ActiveRecord: 101.5ms)


Started GET "/users" for 127.0.0.1 at 2017-08-11 14:19:49 -0300
Processing by UsersController#index as HTML
  Rendering users/index.html.erb within layouts/application
  [1m[36mUser Load (0.8ms)[0m  [1m[34mSELECT "users".* FROM "users"[0m
  Rendered users/index.html.erb within layouts/application (3.1ms)
Completed 200 OK in 31ms (Views: 28.4ms | ActiveRecord: 0.8ms)


Started GET "/servers" for 127.0.0.1 at 2017-08-11 14:19:58 -0300
Processing by ServersController#index as HTML
  Rendering servers/index.html.erb within layouts/application
  [1m[36mServer Load (0.5ms)[0m  [1m[34mSELECT "servers".* FROM "servers"[0m
  Rendered servers/index.html.erb within layouts/application (3.6ms)
Completed 200 OK in 84ms (Views: 29.6ms | ActiveRecord: 0.5ms)


Started GET "/servers/1" for 127.0.0.1 at 2017-08-11 14:20:06 -0300
Processing by ServersController#show as HTML
  Parameters: {"id"=>"1"}
  [1m[36mServer Load (0.6ms)[0m  [1m[34mSELECT  "servers".* FROM "servers" WHERE "servers"."id" = $1 LIMIT $2[0m  [["id", 1], ["LIMIT", 1]]
  Rendering servers/show.html.erb within layouts/application
  Rendered servers/show.html.erb within layouts/application (1.3ms)
Completed 200 OK in 111ms (Views: 30.5ms | ActiveRecord: 0.9ms)


Started GET "/users" for 127.0.0.1 at 2017-08-11 14:41:01 -0300
  [1m[35m (21.2ms)[0m  [1m[34mSELECT "schema_migrations"."version" FROM "schema_migrations" ORDER BY "schema_migrations"."version" ASC[0m
Processing by UsersController#index as HTML
  Rendering users/index.html.erb within layouts/application
  [1m[36mUser Load (64.5ms)[0m  [1m[34mSELECT "users".* FROM "users"[0m
  Rendered users/index.html.erb within layouts/application (111.6ms)
Completed 200 OK in 706ms (Views: 600.6ms | ActiveRecord: 72.2ms)


Started GET "/users/new" for 127.0.0.1 at 2017-08-11 14:42:01 -0300
Processing by UsersController#new as HTML
  Rendering users/new.html.erb within layouts/application
  Rendered users/_form.html.erb (95.6ms)
  Rendered users/new.html.erb within layouts/application (124.1ms)
Completed 200 OK in 150ms (Views: 148.5ms | ActiveRecord: 0.0ms)


Started GET "/users" for 127.0.0.1 at 2017-08-11 14:42:13 -0300
Processing by UsersController#index as HTML
  Rendering users/index.html.erb within layouts/application
  [1m[36mUser Load (1.3ms)[0m  [1m[34mSELECT "users".* FROM "users"[0m
  Rendered users/index.html.erb within layouts/application (57.5ms)
Completed 200 OK in 89ms (Views: 73.8ms | ActiveRecord: 12.7ms)


Started GET "/users/new" for 127.0.0.1 at 2017-08-11 14:43:22 -0300
Processing by UsersController#new as HTML
  Rendering users/new.html.erb within layouts/application
  Rendered users/_form.html.erb (6.0ms)
  Rendered users/new.html.erb within layouts/application (8.4ms)
Completed 200 OK in 37ms (Views: 34.6ms | ActiveRecord: 0.0ms)


  [1m[35m (31.5ms)[0m  [1m[34mSELECT pg_try_advisory_lock(1803879631815303000)[0m
  [1m[35m (1.0ms)[0m  [1m[34mSELECT "schema_migrations"."version" FROM "schema_migrations" ORDER BY "schema_migrations"."version" ASC[0m
Migrating to CreateSrvAuths (20170811175429)
  [1m[35m (0.4ms)[0m  [1m[35mBEGIN[0m
  [1m[35m (267.4ms)[0m  [1m[35mCREATE TABLE "srv_auths" ("id" bigserial primary key, "created_at" timestamp NOT NULL, "updated_at" timestamp NOT NULL)[0m
  [1m[35mSQL (0.8ms)[0m  [1m[32mINSERT INTO "schema_migrations" ("version") VALUES ($1) RETURNING "version"[0m  [["version", "20170811175429"]]
  [1m[35m (24.2ms)[0m  [1m[35mCOMMIT[0m
  [1m[36mActiveRecord::InternalMetadata Load (35.4ms)[0m  [1m[34mSELECT  "ar_internal_metadata".* FROM "ar_internal_metadata" WHERE "ar_internal_metadata"."key" = $1 LIMIT $2[0m  [["key", "environment"], ["LIMIT", 1]]
  [1m[35m (0.2ms)[0m  [1m[35mBEGIN[0m
  [1m[35m (0.2ms)[0m  [1m[35mCOMMIT[0m
  [1m[35m (0.5ms)[0m  [1m[34mSELECT pg_advisory_unlock(1803879631815303000)[0m
  [1m[35m (0.6ms)[0m  [1m[34mSELECT "schema_migrations"."version" FROM "schema_migrations" ORDER BY "schema_migrations"."version" ASC[0m
Started GET "/user_servers" for 127.0.0.1 at 2017-08-11 15:06:18 -0300
  [1m[35m (0.3ms)[0m  [1m[34mSELECT "schema_migrations"."version" FROM "schema_migrations" ORDER BY "schema_migrations"."version" ASC[0m
Processing by UserServersController#index as HTML
  Rendering user_servers/index.html.erb within layouts/application
  [1m[36mUserServer Load (118.5ms)[0m  [1m[34mSELECT "user_servers".* FROM "user_servers"[0m
  [1m[36mUser Load (0.4ms)[0m  [1m[34mSELECT  "users".* FROM "users" WHERE "users"."id" = $1 LIMIT $2[0m  [["id", 1], ["LIMIT", 1]]
  [1m[36mServer Load (72.1ms)[0m  [1m[34mSELECT  "servers".* FROM "servers" WHERE "servers"."id" = $1 LIMIT $2[0m  [["id", 1], ["LIMIT", 1]]
  Rendered user_servers/index.html.erb within layouts/application (288.1ms)
Completed 200 OK in 677ms (Views: 282.9ms | ActiveRecord: 202.7ms)


Started GET "/user_servers/new" for 127.0.0.1 at 2017-08-11 15:06:30 -0300
Processing by UserServersController#new as HTML
  Rendering user_servers/new.html.erb within layouts/application
  Rendered user_servers/_form.html.erb (4.5ms)
  Rendered user_servers/new.html.erb within layouts/application (20.3ms)
Completed 200 OK in 62ms (Views: 48.5ms | ActiveRecord: 0.0ms)


Started GET "/user_servers/" for 127.0.0.1 at 2017-08-11 15:06:43 -0300
Processing by UserServersController#index as HTML
  Rendering user_servers/index.html.erb within layouts/application
  [1m[36mUserServer Load (1.1ms)[0m  [1m[34mSELECT "user_servers".* FROM "user_servers"[0m
  [1m[36mUser Load (0.4ms)[0m  [1m[34mSELECT  "users".* FROM "users" WHERE "users"."id" = $1 LIMIT $2[0m  [["id", 1], ["LIMIT", 1]]
  [1m[36mServer Load (0.5ms)[0m  [1m[34mSELECT  "servers".* FROM "servers" WHERE "servers"."id" = $1 LIMIT $2[0m  [["id", 1], ["LIMIT", 1]]
  Rendered user_servers/index.html.erb within layouts/application (12.1ms)
Completed 200 OK in 50ms (Views: 45.7ms | ActiveRecord: 2.3ms)


Started GET "/user_servers/" for 127.0.0.1 at 2017-08-11 15:07:52 -0300
Processing by UserServersController#index as HTML
  Rendering user_servers/index.html.erb within layouts/application
  [1m[36mUserServer Load (0.6ms)[0m  [1m[34mSELECT "user_servers".* FROM "user_servers"[0m
  [1m[36mUser Load (0.5ms)[0m  [1m[34mSELECT  "users".* FROM "users" WHERE "users"."id" = $1 LIMIT $2[0m  [["id", 1], ["LIMIT", 1]]
  [1m[36mServer Load (0.4ms)[0m  [1m[34mSELECT  "servers".* FROM "servers" WHERE "servers"."id" = $1 LIMIT $2[0m  [["id", 1], ["LIMIT", 1]]
  Rendered user_servers/index.html.erb within layouts/application (8.8ms)
Completed 200 OK in 47ms (Views: 42.6ms | ActiveRecord: 1.5ms)


Started GET "/user_servers/1" for 127.0.0.1 at 2017-08-11 15:08:14 -0300
Processing by UserServersController#show as HTML
  Parameters: {"id"=>"1"}
  [1m[36mUserServer Load (0.4ms)[0m  [1m[34mSELECT  "user_servers".* FROM "user_servers" WHERE "user_servers"."id" = $1 LIMIT $2[0m  [["id", 1], ["LIMIT", 1]]
  Rendering user_servers/show.html.erb within layouts/application
  [1m[36mUser Load (0.5ms)[0m  [1m[34mSELECT  "users".* FROM "users" WHERE "users"."id" = $1 LIMIT $2[0m  [["id", 1], ["LIMIT", 1]]
  [1m[36mServer Load (0.4ms)[0m  [1m[34mSELECT  "servers".* FROM "servers" WHERE "servers"."id" = $1 LIMIT $2[0m  [["id", 1], ["LIMIT", 1]]
  Rendered user_servers/show.html.erb within layouts/application (7.4ms)
Completed 200 OK in 41ms (Views: 34.5ms | ActiveRecord: 1.3ms)


Started GET "/user_servers" for 127.0.0.1 at 2017-08-11 15:08:25 -0300
Processing by UserServersController#index as HTML
  Rendering user_servers/index.html.erb within layouts/application
  [1m[36mUserServer Load (0.5ms)[0m  [1m[34mSELECT "user_servers".* FROM "user_servers"[0m
  [1m[36mUser Load (0.4ms)[0m  [1m[34mSELECT  "users".* FROM "users" WHERE "users"."id" = $1 LIMIT $2[0m  [["id", 1], ["LIMIT", 1]]
  [1m[36mServer Load (0.7ms)[0m  [1m[34mSELECT  "servers".* FROM "servers" WHERE "servers"."id" = $1 LIMIT $2[0m  [["id", 1], ["LIMIT", 1]]
  Rendered user_servers/index.html.erb within layouts/application (10.6ms)
Completed 200 OK in 43ms (Views: 39.1ms | ActiveRecord: 1.6ms)


Started GET "/srv_auth" for 127.0.0.1 at 2017-08-11 15:08:45 -0300
  
ActionController::RoutingError (No route matches [GET] "/srv_auth"):
  
actionpack (5.1.3) lib/action_dispatch/middleware/debug_exceptions.rb:63:in `call'
web-console (3.5.1) lib/web_console/middleware.rb:135:in `call_app'
web-console (3.5.1) lib/web_console/middleware.rb:28:in `block in call'
web-console (3.5.1) lib/web_console/middleware.rb:18:in `catch'
web-console (3.5.1) lib/web_console/middleware.rb:18:in `call'
actionpack (5.1.3) lib/action_dispatch/middleware/show_exceptions.rb:31:in `call'
railties (5.1.3) lib/rails/rack/logger.rb:36:in `call_app'
railties (5.1.3) lib/rails/rack/logger.rb:24:in `block in call'
activesupport (5.1.3) lib/active_support/tagged_logging.rb:69:in `block in tagged'
activesupport (5.1.3) lib/active_support/tagged_logging.rb:26:in `tagged'
activesupport (5.1.3) lib/active_support/tagged_logging.rb:69:in `tagged'
railties (5.1.3) lib/rails/rack/logger.rb:24:in `call'
sprockets-rails (3.2.0) lib/sprockets/rails/quiet_assets.rb:13:in `call'
actionpack (5.1.3) lib/action_dispatch/middleware/remote_ip.rb:79:in `call'
actionpack (5.1.3) lib/action_dispatch/middleware/request_id.rb:25:in `call'
rack (2.0.3) lib/rack/method_override.rb:22:in `call'
rack (2.0.3) lib/rack/runtime.rb:22:in `call'
activesupport (5.1.3) lib/active_support/cache/strategy/local_cache_middleware.rb:27:in `call'
actionpack (5.1.3) lib/action_dispatch/middleware/executor.rb:12:in `call'
actionpack (5.1.3) lib/action_dispatch/middleware/static.rb:125:in `call'
rack (2.0.3) lib/rack/sendfile.rb:111:in `call'
railties (5.1.3) lib/rails/engine.rb:522:in `call'
puma (3.9.1) lib/puma/configuration.rb:224:in `call'
puma (3.9.1) lib/puma/server.rb:602:in `handle_request'
puma (3.9.1) lib/puma/server.rb:435:in `process_client'
puma (3.9.1) lib/puma/server.rb:299:in `block in run'
puma (3.9.1) lib/puma/thread_pool.rb:120:in `block in spawn_thread'
Started GET "/srv_auths" for 127.0.0.1 at 2017-08-11 15:08:55 -0300
Processing by SrvAuthsController#index as HTML
  Rendering srv_auths/index.html.erb within layouts/application
  [1m[36mSrvAuth Load (0.6ms)[0m  [1m[34mSELECT "srv_auths".* FROM "srv_auths"[0m
  Rendered srv_auths/index.html.erb within layouts/application (8.1ms)
Completed 200 OK in 53ms (Views: 39.2ms | ActiveRecord: 4.9ms)


Started GET "/srv_auths/new" for 127.0.0.1 at 2017-08-11 15:09:04 -0300
Processing by SrvAuthsController#new as HTML
  Rendering srv_auths/new.html.erb within layouts/application
  Rendered srv_auths/_form.html.erb (2.0ms)
  Rendered srv_auths/new.html.erb within layouts/application (3.5ms)
Completed 200 OK in 44ms (Views: 31.7ms | ActiveRecord: 3.1ms)


Started POST "/srv_auths" for 127.0.0.1 at 2017-08-11 15:09:10 -0300
Processing by SrvAuthsController#create as HTML
  Parameters: {"utf8"=>"✓", "authenticity_token"=>"i023kpyEbyFr52qWuCqO3Ch89uC2JMDQ+ZYilclycsvzEBrp3qjyc4Gq4ixKmdlBCWGVrdmj4YPtG+OQDeqTxw==", "commit"=>"Create Srv auth"}
  [1m[35m (0.2ms)[0m  [1m[35mBEGIN[0m
  [1m[35mSQL (1.1ms)[0m  [1m[32mINSERT INTO "srv_auths" ("created_at", "updated_at") VALUES ($1, $2) RETURNING "id"[0m  [["created_at", "2017-08-11 18:09:10.681294"], ["updated_at", "2017-08-11 18:09:10.681294"]]
  [1m[35m (24.3ms)[0m  [1m[35mCOMMIT[0m
Redirected to http://localhost:3000/srv_auths/1
Completed 302 Found in 31ms (ActiveRecord: 25.6ms)


Started GET "/srv_auths/1" for 127.0.0.1 at 2017-08-11 15:09:10 -0300
Processing by SrvAuthsController#show as HTML
  Parameters: {"id"=>"1"}
  [1m[36mSrvAuth Load (0.7ms)[0m  [1m[34mSELECT  "srv_auths".* FROM "srv_auths" WHERE "srv_auths"."id" = $1 LIMIT $2[0m  [["id", 1], ["LIMIT", 1]]
  Rendering srv_auths/show.html.erb within layouts/application
  Rendered srv_auths/show.html.erb within layouts/application (0.8ms)
Completed 200 OK in 35ms (Views: 30.3ms | ActiveRecord: 0.7ms)


Started GET "/srv_auths" for 127.0.0.1 at 2017-08-11 15:09:27 -0300
Processing by SrvAuthsController#index as HTML
  Rendering srv_auths/index.html.erb within layouts/application
  [1m[36mSrvAuth Load (0.4ms)[0m  [1m[34mSELECT "srv_auths".* FROM "srv_auths"[0m
  Rendered srv_auths/index.html.erb within layouts/application (3.0ms)
Completed 200 OK in 36ms (Views: 33.5ms | ActiveRecord: 0.4ms)


Started GET "/srv_auths/1" for 127.0.0.1 at 2017-08-11 15:09:29 -0300
Processing by SrvAuthsController#show as HTML
  Parameters: {"id"=>"1"}
  [1m[36mSrvAuth Load (0.4ms)[0m  [1m[34mSELECT  "srv_auths".* FROM "srv_auths" WHERE "srv_auths"."id" = $1 LIMIT $2[0m  [["id", 1], ["LIMIT", 1]]
  Rendering srv_auths/show.html.erb within layouts/application
  Rendered srv_auths/show.html.erb within layouts/application (1.3ms)
Completed 200 OK in 36ms (Views: 32.2ms | ActiveRecord: 0.4ms)


Started GET "/srv_auths" for 127.0.0.1 at 2017-08-11 15:09:31 -0300
Processing by SrvAuthsController#index as HTML
  Rendering srv_auths/index.html.erb within layouts/application
  [1m[36mSrvAuth Load (0.4ms)[0m  [1m[34mSELECT "srv_auths".* FROM "srv_auths"[0m
  Rendered srv_auths/index.html.erb within layouts/application (3.4ms)
Completed 200 OK in 40ms (Views: 37.5ms | ActiveRecord: 0.4ms)


Started GET "/srv_auths" for 127.0.0.1 at 2017-08-11 15:10:00 -0300
Processing by SrvAuthsController#index as HTML
  Rendering srv_auths/index.html.erb within layouts/application
  [1m[36mSrvAuth Load (0.3ms)[0m  [1m[34mSELECT "srv_auths".* FROM "srv_auths"[0m
  Rendered srv_auths/index.html.erb within layouts/application (4.0ms)
Completed 200 OK in 33ms (Views: 31.0ms | ActiveRecord: 0.3ms)


Started GET "/srv_auths" for 127.0.0.1 at 2017-08-11 15:10:07 -0300
Processing by SrvAuthsController#index as HTML
  Rendering srv_auths/index.html.erb within layouts/application
  [1m[36mSrvAuth Load (0.4ms)[0m  [1m[34mSELECT "srv_auths".* FROM "srv_auths"[0m
  Rendered srv_auths/index.html.erb within layouts/application (3.8ms)
Completed 200 OK in 42ms (Views: 40.0ms | ActiveRecord: 0.4ms)


Started GET "/srv_auths" for 127.0.0.1 at 2017-08-11 15:11:04 -0300
Processing by SrvAuthsController#index as HTML
  Rendering srv_auths/index.html.erb within layouts/application
  [1m[36mSrvAuth Load (0.5ms)[0m  [1m[34mSELECT "srv_auths".* FROM "srv_auths"[0m
  Rendered srv_auths/index.html.erb within layouts/application (3.6ms)
Completed 200 OK in 42ms (Views: 39.1ms | ActiveRecord: 0.5ms)


Started GET "/srv_auths" for 127.0.0.1 at 2017-08-11 15:11:35 -0300
Processing by SrvAuthsController#index as HTML
  Rendering srv_auths/index.html.erb within layouts/application
  [1m[36mSrvAuth Load (0.4ms)[0m  [1m[34mSELECT "srv_auths".* FROM "srv_auths"[0m
  Rendered srv_auths/index.html.erb within layouts/application (5.5ms)
Completed 200 OK in 45ms (Views: 42.2ms | ActiveRecord: 0.4ms)


Started GET "/srv_auths" for 127.0.0.1 at 2017-08-11 15:13:20 -0300
Processing by SrvAuthsController#index as HTML
  Rendering srv_auths/index.html.erb within layouts/application
  [1m[36mSrvAuth Load (0.4ms)[0m  [1m[34mSELECT "srv_auths".* FROM "srv_auths"[0m
  Rendered srv_auths/index.html.erb within layouts/application (5.0ms)
Completed 200 OK in 38ms (Views: 35.4ms | ActiveRecord: 0.4ms)


Started GET "/srv_auths" for 127.0.0.1 at 2017-08-11 15:13:42 -0300
Processing by SrvAuthsController#index as HTML
  Rendering srv_auths/index.html.erb within layouts/application
  [1m[36mSrvAuth Load (0.4ms)[0m  [1m[34mSELECT "srv_auths".* FROM "srv_auths"[0m
  Rendered srv_auths/index.html.erb within layouts/application (3.7ms)
Completed 200 OK in 41ms (Views: 37.5ms | ActiveRecord: 0.4ms)


Started GET "/srv_auths" for 127.0.0.1 at 2017-08-11 15:14:44 -0300
Processing by SrvAuthsController#index as HTML
  Rendering srv_auths/index.html.erb within layouts/application
  [1m[36mSrvAuth Load (0.5ms)[0m  [1m[34mSELECT "srv_auths".* FROM "srv_auths"[0m
  Rendered srv_auths/index.html.erb within layouts/application (4.4ms)
Completed 200 OK in 36ms (Views: 33.5ms | ActiveRecord: 0.5ms)


Started GET "/srv_auths/1" for 127.0.0.1 at 2017-08-11 15:14:47 -0300
Processing by SrvAuthsController#show as HTML
  Parameters: {"id"=>"1"}
  [1m[36mSrvAuth Load (0.7ms)[0m  [1m[34mSELECT  "srv_auths".* FROM "srv_auths" WHERE "srv_auths"."id" = $1 LIMIT $2[0m  [["id", 1], ["LIMIT", 1]]
  Rendering srv_auths/show.html.erb within layouts/application
  Rendered srv_auths/show.html.erb within layouts/application (0.9ms)
Completed 200 OK in 37ms (Views: 31.8ms | ActiveRecord: 0.7ms)


Started GET "/srv_auths/1" for 127.0.0.1 at 2017-08-11 15:14:51 -0300
Processing by SrvAuthsController#show as HTML
  Parameters: {"id"=>"1"}
  [1m[36mSrvAuth Load (0.5ms)[0m  [1m[34mSELECT  "srv_auths".* FROM "srv_auths" WHERE "srv_auths"."id" = $1 LIMIT $2[0m  [["id", 1], ["LIMIT", 1]]
  Rendering srv_auths/show.html.erb within layouts/application
  Rendered srv_auths/show.html.erb within layouts/application (1.4ms)
Completed 200 OK in 35ms (Views: 31.4ms | ActiveRecord: 0.5ms)


Started GET "/srv_auths" for 127.0.0.1 at 2017-08-11 15:17:35 -0300
Processing by SrvAuthsController#index as HTML
  Rendering srv_auths/index.html.erb within layouts/application
  Rendered srv_auths/index.html.erb within layouts/application (1.2ms)
Completed 200 OK in 39ms (Views: 36.2ms | ActiveRecord: 0.0ms)


Started GET "/srv_auths" for 127.0.0.1 at 2017-08-11 15:18:35 -0300
Processing by SrvAuthsController#index as HTML
  Rendering srv_auths/index.html.erb within layouts/application
  Rendered srv_auths/index.html.erb within layouts/application (1.0ms)
Completed 200 OK in 46ms (Views: 43.0ms | ActiveRecord: 0.0ms)


Started GET "/srv_auths" for 127.0.0.1 at 2017-08-11 15:18:46 -0300
Processing by SrvAuthsController#index as HTML
  Rendering srv_auths/index.html.erb within layouts/application
  Rendered srv_auths/index.html.erb within layouts/application (0.8ms)
Completed 200 OK in 32ms (Views: 30.0ms | ActiveRecord: 0.0ms)


Started GET "/srv_auths" for 127.0.0.1 at 2017-08-11 15:19:06 -0300
Processing by SrvAuthsController#index as HTML
  Rendering srv_auths/index.html.erb within layouts/application
  Rendered srv_auths/index.html.erb within layouts/application (1.0ms)
Completed 200 OK in 35ms (Views: 32.7ms | ActiveRecord: 0.0ms)


Started GET "/srv_auths" for 127.0.0.1 at 2017-08-11 15:20:15 -0300
Processing by SrvAuthsController#index as HTML
  Rendering srv_auths/index.html.erb within layouts/application
  Rendered srv_auths/index.html.erb within layouts/application (0.8ms)
Completed 200 OK in 31ms (Views: 28.3ms | ActiveRecord: 0.0ms)


Started GET "/srv_auths" for 127.0.0.1 at 2017-08-11 15:20:21 -0300
Processing by SrvAuthsController#index as HTML
  Rendering srv_auths/index.html.erb within layouts/application
  Rendered srv_auths/index.html.erb within layouts/application (0.8ms)
Completed 200 OK in 33ms (Views: 31.4ms | ActiveRecord: 0.0ms)


  [1m[35m (0.4ms)[0m  [1m[34mSELECT pg_try_advisory_lock(1803879631815303000)[0m
  [1m[35m (1.7ms)[0m  [1m[34mSELECT "schema_migrations"."version" FROM "schema_migrations" ORDER BY "schema_migrations"."version" ASC[0m
  [1m[36mActiveRecord::InternalMetadata Load (0.7ms)[0m  [1m[34mSELECT  "ar_internal_metadata".* FROM "ar_internal_metadata" WHERE "ar_internal_metadata"."key" = $1 LIMIT $2[0m  [["key", "environment"], ["LIMIT", 1]]
  [1m[35m (0.3ms)[0m  [1m[35mBEGIN[0m
  [1m[35m (0.3ms)[0m  [1m[35mCOMMIT[0m
  [1m[35m (0.4ms)[0m  [1m[34mSELECT pg_advisory_unlock(1803879631815303000)[0m
  [1m[35m (0.6ms)[0m  [1m[34mSELECT "schema_migrations"."version" FROM "schema_migrations" ORDER BY "schema_migrations"."version" ASC[0m
  [1m[35m (0.4ms)[0m  [1m[34mSELECT pg_try_advisory_lock(1803879631815303000)[0m
  [1m[35m (1.3ms)[0m  [1m[34mSELECT "schema_migrations"."version" FROM "schema_migrations" ORDER BY "schema_migrations"."version" ASC[0m
  [1m[36mActiveRecord::InternalMetadata Load (0.8ms)[0m  [1m[34mSELECT  "ar_internal_metadata".* FROM "ar_internal_metadata" WHERE "ar_internal_metadata"."key" = $1 LIMIT $2[0m  [["key", "environment"], ["LIMIT", 1]]
  [1m[35m (0.3ms)[0m  [1m[35mBEGIN[0m
  [1m[35m (0.3ms)[0m  [1m[35mCOMMIT[0m
  [1m[35m (0.5ms)[0m  [1m[34mSELECT pg_advisory_unlock(1803879631815303000)[0m
  [1m[35m (0.5ms)[0m  [1m[34mSELECT "schema_migrations"."version" FROM "schema_migrations" ORDER BY "schema_migrations"."version" ASC[0m
  [1m[35m (0.3ms)[0m  [1m[34mSELECT pg_try_advisory_lock(1803879631815303000)[0m
  [1m[35m (1.5ms)[0m  [1m[34mSELECT "schema_migrations"."version" FROM "schema_migrations" ORDER BY "schema_migrations"."version" ASC[0m
Migrating to CreateSrvAuths (20170811184246)
  [1m[35m (0.4ms)[0m  [1m[35mBEGIN[0m
  [1m[35m (7.2ms)[0m  [1m[35mCREATE TABLE "srv_auths" ("id" bigserial primary key, "created_at" timestamp NOT NULL, "updated_at" timestamp NOT NULL)[0m
  [1m[35m (0.4ms)[0m  [1m[31mROLLBACK[0m
  [1m[35m (0.7ms)[0m  [1m[34mSELECT pg_advisory_unlock(1803879631815303000)[0m
  [1m[35m (0.4ms)[0m  [1m[34mSELECT pg_try_advisory_lock(1803879631815303000)[0m
  [1m[35m (1.7ms)[0m  [1m[34mSELECT "schema_migrations"."version" FROM "schema_migrations" ORDER BY "schema_migrations"."version" ASC[0m
Migrating to CreateSrvAuths (20170811184246)
  [1m[35m (0.3ms)[0m  [1m[35mBEGIN[0m
  [1m[35m (31.8ms)[0m  [1m[35mCREATE TABLE "srv_auths" ("id" bigserial primary key, "created_at" timestamp NOT NULL, "updated_at" timestamp NOT NULL)[0m
  [1m[35m (0.4ms)[0m  [1m[31mROLLBACK[0m
  [1m[35m (0.6ms)[0m  [1m[34mSELECT pg_advisory_unlock(1803879631815303000)[0m
  [1m[35m (0.4ms)[0m  [1m[34mSELECT pg_try_advisory_lock(1803879631815303000)[0m
  [1m[35m (1.5ms)[0m  [1m[34mSELECT "schema_migrations"."version" FROM "schema_migrations" ORDER BY "schema_migrations"."version" ASC[0m
Migrating to CreateSrvAuths (20170811184246)
  [1m[35m (0.4ms)[0m  [1m[35mBEGIN[0m
  [1m[35m (4.1ms)[0m  [1m[35mCREATE TABLE "srv_auths" ("id" bigserial primary key, "created_at" timestamp NOT NULL, "updated_at" timestamp NOT NULL)[0m
  [1m[35m (0.3ms)[0m  [1m[31mROLLBACK[0m
  [1m[35m (0.6ms)[0m  [1m[34mSELECT pg_advisory_unlock(1803879631815303000)[0m
  [1m[35m (0.3ms)[0m  [1m[34mSELECT pg_try_advisory_lock(1803879631815303000)[0m
  [1m[35m (1.4ms)[0m  [1m[34mSELECT "schema_migrations"."version" FROM "schema_migrations" ORDER BY "schema_migrations"."version" ASC[0m
Migrating to CreateSrvAuths (20170811184246)
  [1m[35m (0.3ms)[0m  [1m[35mBEGIN[0m
  [1m[35m (5.1ms)[0m  [1m[35mCREATE TABLE "srv_auths" ("id" bigserial primary key, "created_at" timestamp NOT NULL, "updated_at" timestamp NOT NULL)[0m
  [1m[35m (0.2ms)[0m  [1m[31mROLLBACK[0m
  [1m[35m (0.3ms)[0m  [1m[34mSELECT pg_advisory_unlock(1803879631815303000)[0m
  [1m[35m (0.5ms)[0m  [1m[34mSELECT pg_try_advisory_lock(1803879631815303000)[0m
  [1m[35m (1.6ms)[0m  [1m[34mSELECT "schema_migrations"."version" FROM "schema_migrations" ORDER BY "schema_migrations"."version" ASC[0m
Migrating to CreateSrvAuths (20170811184246)
  [1m[35m (0.3ms)[0m  [1m[35mBEGIN[0m
  [1m[35m (4.6ms)[0m  [1m[35mCREATE TABLE "srv_auths" ("id" bigserial primary key, "created_at" timestamp NOT NULL, "updated_at" timestamp NOT NULL)[0m
  [1m[35m (0.4ms)[0m  [1m[31mROLLBACK[0m
  [1m[35m (0.6ms)[0m  [1m[34mSELECT pg_advisory_unlock(1803879631815303000)[0m
  [1m[35m (0.4ms)[0m  [1m[34mSELECT pg_try_advisory_lock(1803879631815303000)[0m
  [1m[35m (0.9ms)[0m  [1m[34mSELECT "schema_migrations"."version" FROM "schema_migrations" ORDER BY "schema_migrations"."version" ASC[0m
Migrating to CreateSrvAuths (20170811184246)
  [1m[35m (0.3ms)[0m  [1m[35mBEGIN[0m
  [1m[35m (2.9ms)[0m  [1m[35mCREATE TABLE "srv_auths" ("id" bigserial primary key, "created_at" timestamp NOT NULL, "updated_at" timestamp NOT NULL)[0m
  [1m[35m (0.3ms)[0m  [1m[31mROLLBACK[0m
  [1m[35m (0.6ms)[0m  [1m[34mSELECT pg_advisory_unlock(1803879631815303000)[0m
Started GET "/" for 127.0.0.1 at 2017-08-11 17:23:25 -0300
  [1m[35m (1.5ms)[0m  [1m[34mSELECT "schema_migrations"."version" FROM "schema_migrations" ORDER BY "schema_migrations"."version" ASC[0m
  
ActiveRecord::PendingMigrationError (

Migrations are pending. To resolve this issue, run:

        bin/rails db:migrate RAILS_ENV=development

):
  
activerecord (5.1.3) lib/active_record/migration.rb:576:in `check_pending!'
activerecord (5.1.3) lib/active_record/migration.rb:553:in `call'
actionpack (5.1.3) lib/action_dispatch/middleware/callbacks.rb:26:in `block in call'
activesupport (5.1.3) lib/active_support/callbacks.rb:97:in `run_callbacks'
actionpack (5.1.3) lib/action_dispatch/middleware/callbacks.rb:24:in `call'
actionpack (5.1.3) lib/action_dispatch/middleware/executor.rb:12:in `call'
actionpack (5.1.3) lib/action_dispatch/middleware/debug_exceptions.rb:59:in `call'
web-console (3.5.1) lib/web_console/middleware.rb:135:in `call_app'
web-console (3.5.1) lib/web_console/middleware.rb:28:in `block in call'
web-console (3.5.1) lib/web_console/middleware.rb:18:in `catch'
web-console (3.5.1) lib/web_console/middleware.rb:18:in `call'
actionpack (5.1.3) lib/action_dispatch/middleware/show_exceptions.rb:31:in `call'
railties (5.1.3) lib/rails/rack/logger.rb:36:in `call_app'
railties (5.1.3) lib/rails/rack/logger.rb:24:in `block in call'
activesupport (5.1.3) lib/active_support/tagged_logging.rb:69:in `block in tagged'
activesupport (5.1.3) lib/active_support/tagged_logging.rb:26:in `tagged'
activesupport (5.1.3) lib/active_support/tagged_logging.rb:69:in `tagged'
railties (5.1.3) lib/rails/rack/logger.rb:24:in `call'
sprockets-rails (3.2.0) lib/sprockets/rails/quiet_assets.rb:13:in `call'
actionpack (5.1.3) lib/action_dispatch/middleware/remote_ip.rb:79:in `call'
actionpack (5.1.3) lib/action_dispatch/middleware/request_id.rb:25:in `call'
rack (2.0.3) lib/rack/method_override.rb:22:in `call'
rack (2.0.3) lib/rack/runtime.rb:22:in `call'
activesupport (5.1.3) lib/active_support/cache/strategy/local_cache_middleware.rb:27:in `call'
actionpack (5.1.3) lib/action_dispatch/middleware/executor.rb:12:in `call'
actionpack (5.1.3) lib/action_dispatch/middleware/static.rb:125:in `call'
rack (2.0.3) lib/rack/sendfile.rb:111:in `call'
railties (5.1.3) lib/rails/engine.rb:522:in `call'
puma (3.9.1) lib/puma/configuration.rb:224:in `call'
puma (3.9.1) lib/puma/server.rb:602:in `handle_request'
puma (3.9.1) lib/puma/server.rb:435:in `process_client'
puma (3.9.1) lib/puma/server.rb:299:in `block in run'
puma (3.9.1) lib/puma/thread_pool.rb:120:in `block in spawn_thread'
  [1m[35m (0.4ms)[0m  [1m[34mSELECT pg_try_advisory_lock(1803879631815303000)[0m
  [1m[35m (1.4ms)[0m  [1m[34mSELECT "schema_migrations"."version" FROM "schema_migrations" ORDER BY "schema_migrations"."version" ASC[0m
Migrating to CreateSrvAuths (20170811184246)
  [1m[35m (0.3ms)[0m  [1m[35mBEGIN[0m
  [1m[35m (5.4ms)[0m  [1m[35mCREATE TABLE "srv_auths" ("id" bigserial primary key, "created_at" timestamp NOT NULL, "updated_at" timestamp NOT NULL)[0m
  [1m[35m (0.4ms)[0m  [1m[31mROLLBACK[0m
  [1m[35m (0.7ms)[0m  [1m[34mSELECT pg_advisory_unlock(1803879631815303000)[0m
  [1m[35m (0.3ms)[0m  [1m[34mSELECT pg_try_advisory_lock(1803879631815303000)[0m
  [1m[35m (1.5ms)[0m  [1m[34mSELECT "schema_migrations"."version" FROM "schema_migrations" ORDER BY "schema_migrations"."version" ASC[0m
  [1m[36mActiveRecord::InternalMetadata Load (0.8ms)[0m  [1m[34mSELECT  "ar_internal_metadata".* FROM "ar_internal_metadata" WHERE "ar_internal_metadata"."key" = $1 LIMIT $2[0m  [["key", "environment"], ["LIMIT", 1]]
  [1m[35m (0.2ms)[0m  [1m[35mBEGIN[0m
  [1m[35m (0.2ms)[0m  [1m[35mCOMMIT[0m
  [1m[35m (0.4ms)[0m  [1m[34mSELECT pg_advisory_unlock(1803879631815303000)[0m
  [1m[35m (0.5ms)[0m  [1m[34mSELECT "schema_migrations"."version" FROM "schema_migrations" ORDER BY "schema_migrations"."version" ASC[0m
  [1m[35m (0.4ms)[0m  [1m[34mSELECT pg_try_advisory_lock(1803879631815303000)[0m
  [1m[35m (1.4ms)[0m  [1m[34mSELECT "schema_migrations"."version" FROM "schema_migrations" ORDER BY "schema_migrations"."version" ASC[0m
Migrating to CreateAuthenticators (20170811202825)
  [1m[35m (0.2ms)[0m  [1m[35mBEGIN[0m
  [1m[35m (57.2ms)[0m  [1m[35mCREATE TABLE "authenticators" ("id" bigserial primary key, "created_at" timestamp NOT NULL, "updated_at" timestamp NOT NULL)[0m
  [1m[35mSQL (0.7ms)[0m  [1m[32mINSERT INTO "schema_migrations" ("version") VALUES ($1) RETURNING "version"[0m  [["version", "20170811202825"]]
  [1m[35m (25.5ms)[0m  [1m[35mCOMMIT[0m
  [1m[36mActiveRecord::InternalMetadata Load (0.9ms)[0m  [1m[34mSELECT  "ar_internal_metadata".* FROM "ar_internal_metadata" WHERE "ar_internal_metadata"."key" = $1 LIMIT $2[0m  [["key", "environment"], ["LIMIT", 1]]
  [1m[35m (0.4ms)[0m  [1m[35mBEGIN[0m
  [1m[35m (0.3ms)[0m  [1m[35mCOMMIT[0m
  [1m[35m (0.6ms)[0m  [1m[34mSELECT pg_advisory_unlock(1803879631815303000)[0m
  [1m[35m (0.6ms)[0m  [1m[34mSELECT "schema_migrations"."version" FROM "schema_migrations" ORDER BY "schema_migrations"."version" ASC[0m
